# JRE version: 7.0_15-b03
# Java VM: Java HotSpot(TM) Client VM (23.7-b01 mixed mode, sharing windows-x86 )
Heap
 def new generation   total 11008K, used 7409K [0x23af0000, 0x246e0000, 0x29040000)
  eden space 9792K,  69% used [0x23af0000, 0x2418a080, 0x24480000)
  from space 1216K,  53% used [0x24480000, 0x24522770, 0x245b0000)
  to   space 1216K,   0% used [0x245b0000, 0x245b0000, 0x246e0000)
 tenured generation   total 24304K, used 23349K [0x29040000, 0x2a7fc000, 0x33af0000)
   the space 24304K,  96% used [0x29040000, 0x2a70d4a0, 0x2a70d600, 0x2a7fc000)
 compacting perm gen  total 12288K, used 3344K [0x33af0000, 0x346f0000, 0x37af0000)
   the space 12288K,  27% used [0x33af0000, 0x33e34148, 0x33e34200, 0x346f0000)
    ro space 10240K,  42% used [0x37af0000, 0x37f31c28, 0x37f31e00, 0x384f0000)
    rw space 12288K,  54% used [0x384f0000, 0x38b72938, 0x38b72a00, 0x390f0000)
GC Heap History (10 events):
Event: 120.775 GC heap before
{Heap before GC invocations=63 (full 2):
 def new generation   total 11008K, used 10503K [0x23af0000, 0x246e0000, 0x29040000)
  eden space 9792K, 100% used [0x23af0000, 0x24480000, 0x24480000)
  from space 1216K,  58% used [0x245b0000, 0x24661db8, 0x246e0000)
  to   space 1216K,   0% used [0x24480000, 0x24480000, 0x245b0000)
 tenured generation   total 24304K, used 22868K [0x29040000, 0x2a7fc000, 0x33af0000)
   the space 24304K,  94% used [0x29040000, 0x2a6950e8, 0x2a695200, 0x2a7fc000)
 compacting perm gen  total 12288K, used 3343K [0x33af0000, 0x346f0000, 0x37af0000)
   the space 12288K,  27% used [0x33af0000, 0x33e33f80, 0x33e34000, 0x346f0000)
    ro space 10240K,  42% used [0x37af0000, 0x37f31c28, 0x37f31e00, 0x384f0000)
    rw space 12288K,  54% used [0x384f0000, 0x38b72938, 0x38b72a00, 0x390f0000)
Event: 120.778 GC heap after
Heap after GC invocations=64 (full 2):
 def new generation   total 11008K, used 581K [0x23af0000, 0x246e0000, 0x29040000)
  eden space 9792K,   0% used [0x23af0000, 0x23af0000, 0x24480000)
  from space 1216K,  47% used [0x24480000, 0x24511468, 0x245b0000)
  to   space 1216K,   0% used [0x245b0000, 0x245b0000, 0x246e0000)
 tenured generation   total 24304K, used 23037K [0x29040000, 0x2a7fc000, 0x33af0000)
   the space 24304K,  94% used [0x29040000, 0x2a6bf4d8, 0x2a6bf600, 0x2a7fc000)
 compacting perm gen  total 12288K, used 3343K [0x33af0000, 0x346f0000, 0x37af0000)
   the space 12288K,  27% used [0x33af0000, 0x33e33f80, 0x33e34000, 0x346f0000)
    ro space 10240K,  42% used [0x37af0000, 0x37f31c28, 0x37f31e00, 0x384f0000)
    rw space 12288K,  54% used [0x384f0000, 0x38b72938, 0x38b72a00, 0x390f0000)
}
Event: 123.250 GC heap before
{Heap before GC invocations=64 (full 2):
 def new generation   total 11008K, used 10373K [0x23af0000, 0x246e0000, 0x29040000)
  eden space 9792K, 100% used [0x23af0000, 0x24480000, 0x24480000)
  from space 1216K,  47% used [0x24480000, 0x245114a0, 0x245b0000)
  to   space 1216K,   0% used [0x245b0000, 0x245b0000, 0x246e0000)
 tenured generation   total 24304K, used 23037K [0x29040000, 0x2a7fc000, 0x33af0000)
   the space 24304K,  94% used [0x29040000, 0x2a6bf4d8, 0x2a6bf600, 0x2a7fc000)
 compacting perm gen  total 12288K, used 3344K [0x33af0000, 0x346f0000, 0x37af0000)
   the space 12288K,  27% used [0x33af0000, 0x33e34108, 0x33e34200, 0x346f0000)
    ro space 10240K,  42% used [0x37af0000, 0x37f31c28, 0x37f31e00, 0x384f0000)
    rw space 12288K,  54% used [0x384f0000, 0x38b72938, 0x38b72a00, 0x390f0000)
Event: 123.252 GC heap after
Heap after GC invocations=65 (full 2):
 def new generation   total 11008K, used 679K [0x23af0000, 0x246e0000, 0x29040000)
  eden space 9792K,   0% used [0x23af0000, 0x23af0000, 0x24480000)
  from space 1216K,  55% used [0x245b0000, 0x24659f30, 0x246e0000)
  to   space 1216K,   0% used [0x24480000, 0x24480000, 0x245b0000)
 tenured generation   total 24304K, used 23037K [0x29040000, 0x2a7fc000, 0x33af0000)
   the space 24304K,  94% used [0x29040000, 0x2a6bf4d8, 0x2a6bf600, 0x2a7fc000)
 compacting perm gen  total 12288K, used 3344K [0x33af0000, 0x346f0000, 0x37af0000)
   the space 12288K,  27% used [0x33af0000, 0x33e34108, 0x33e34200, 0x346f0000)
    ro space 10240K,  42% used [0x37af0000, 0x37f31c28, 0x37f31e00, 0x384f0000)
    rw space 12288K,  54% used [0x384f0000, 0x38b72938, 0x38b72a00, 0x390f0000)
}
Event: 125.767 GC heap before
{Heap before GC invocations=65 (full 2):
 def new generation   total 11008K, used 10471K [0x23af0000, 0x246e0000, 0x29040000)
  eden space 9792K, 100% used [0x23af0000, 0x24480000, 0x24480000)
  from space 1216K,  55% used [0x245b0000, 0x24659f30, 0x246e0000)
  to   space 1216K,   0% used [0x24480000, 0x24480000, 0x245b0000)
 tenured generation   total 24304K, used 23037K [0x29040000, 0x2a7fc000, 0x33af0000)
   the space 24304K,  94% used [0x29040000, 0x2a6bf4d8, 0x2a6bf600, 0x2a7fc000)
 compacting perm gen  total 12288K, used 3344K [0x33af0000, 0x346f0000, 0x37af0000)
   the space 12288K,  27% used [0x33af0000, 0x33e34118, 0x33e34200, 0x346f0000)
    ro space 10240K,  42% used [0x37af0000, 0x37f31c28, 0x37f31e00, 0x384f0000)
    rw space 12288K,  54% used [0x384f0000, 0x38b72938, 0x38b72a00, 0x390f0000)
Event: 125.770 GC heap after
Heap after GC invocations=66 (full 2):
 def new generation   total 11008K, used 814K [0x23af0000, 0x246e0000, 0x29040000)
  eden space 9792K,   0% used [0x23af0000, 0x23af0000, 0x24480000)
  from space 1216K,  66% used [0x24480000, 0x2454bab0, 0x245b0000)
  to   space 1216K,   0% used [0x245b0000, 0x245b0000, 0x246e0000)
 tenured generation   total 24304K, used 23076K [0x29040000, 0x2a7fc000, 0x33af0000)
   the space 24304K,  94% used [0x29040000, 0x2a6c9108, 0x2a6c9200, 0x2a7fc000)
 compacting perm gen  total 12288K, used 3344K [0x33af0000, 0x346f0000, 0x37af0000)
   the space 12288K,  27% used [0x33af0000, 0x33e34118, 0x33e34200, 0x346f0000)
    ro space 10240K,  42% used [0x37af0000, 0x37f31c28, 0x37f31e00, 0x384f0000)
    rw space 12288K,  54% used [0x384f0000, 0x38b72938, 0x38b72a00, 0x390f0000)
}
Event: 128.325 GC heap before
{Heap before GC invocations=66 (full 2):
 def new generation   total 11008K, used 10606K [0x23af0000, 0x246e0000, 0x29040000)
  eden space 9792K, 100% used [0x23af0000, 0x24480000, 0x24480000)
  from space 1216K,  66% used [0x24480000, 0x2454bab0, 0x245b0000)
  to   space 1216K,   0% used [0x245b0000, 0x245b0000, 0x246e0000)
 tenured generation   total 24304K, used 23076K [0x29040000, 0x2a7fc000, 0x33af0000)
   the space 24304K,  94% used [0x29040000, 0x2a6c9108, 0x2a6c9200, 0x2a7fc000)
 compacting perm gen  total 12288K, used 3344K [0x33af0000, 0x346f0000, 0x37af0000)
   the space 12288K,  27% used [0x33af0000, 0x33e34118, 0x33e34200, 0x346f0000)
    ro space 10240K,  42% used [0x37af0000, 0x37f31c28, 0x37f31e00, 0x384f0000)
    rw space 12288K,  54% used [0x384f0000, 0x38b72938, 0x38b72a00, 0x390f0000)
Event: 128.328 GC heap after
Heap after GC invocations=67 (full 2):
 def new generation   total 11008K, used 540K [0x23af0000, 0x246e0000, 0x29040000)
  eden space 9792K,   0% used [0x23af0000, 0x23af0000, 0x24480000)
  from space 1216K,  44% used [0x245b0000, 0x24637278, 0x246e0000)
  to   space 1216K,   0% used [0x24480000, 0x24480000, 0x245b0000)
 tenured generation   total 24304K, used 23349K [0x29040000, 0x2a7fc000, 0x33af0000)
   the space 24304K,  96% used [0x29040000, 0x2a70d4a0, 0x2a70d600, 0x2a7fc000)
 compacting perm gen  total 12288K, used 3344K [0x33af0000, 0x346f0000, 0x37af0000)
   the space 12288K,  27% used [0x33af0000, 0x33e34118, 0x33e34200, 0x346f0000)
    ro space 10240K,  42% used [0x37af0000, 0x37f31c28, 0x37f31e00, 0x384f0000)
    rw space 12288K,  54% used [0x384f0000, 0x38b72938, 0x38b72a00, 0x390f0000)
}
Event: 130.576 GC heap before
{Heap before GC invocations=67 (full 2):
 def new generation   total 11008K, used 10333K [0x23af0000, 0x246e0000, 0x29040000)
  eden space 9792K, 100% used [0x23af0000, 0x24480000, 0x24480000)
  from space 1216K,  44% used [0x245b0000, 0x24637558, 0x246e0000)
  to   space 1216K,   0% used [0x24480000, 0x24480000, 0x245b0000)
 tenured generation   total 24304K, used 23349K [0x29040000, 0x2a7fc000, 0x33af0000)
   the space 24304K,  96% used [0x29040000, 0x2a70d4a0, 0x2a70d600, 0x2a7fc000)
 compacting perm gen  total 12288K, used 3344K [0x33af0000, 0x346f0000, 0x37af0000)
   the space 12288K,  27% used [0x33af0000, 0x33e34138, 0x33e34200, 0x346f0000)
    ro space 10240K,  42% used [0x37af0000, 0x37f31c28, 0x37f31e00, 0x384f0000)
    rw space 12288K,  54% used [0x384f0000, 0x38b72938, 0x38b72a00, 0x390f0000)
Event: 130.579 GC heap after
Heap after GC invocations=68 (full 2):
 def new generation   total 11008K, used 649K [0x23af0000, 0x246e0000, 0x29040000)
  eden space 9792K,   0% used [0x23af0000, 0x23af0000, 0x24480000)
  from space 1216K,  53% used [0x24480000, 0x24522770, 0x245b0000)
  to   space 1216K,   0% used [0x245b0000, 0x245b0000, 0x246e0000)
 tenured generation   total 24304K, used 23349K [0x29040000, 0x2a7fc000, 0x33af0000)
   the space 24304K,  96% used [0x29040000, 0x2a70d4a0, 0x2a70d600, 0x2a7fc000)
 compacting perm gen  total 12288K, used 3344K [0x33af0000, 0x346f0000, 0x37af0000)
   the space 12288K,  27% used [0x33af0000, 0x33e34138, 0x33e34200, 0x346f0000)
    ro space 10240K,  42% used [0x37af0000, 0x37f31c28, 0x37f31e00, 0x384f0000)
    rw space 12288K,  54% used [0x384f0000, 0x38b72938, 0x38b72a00, 0x390f0000)
}

