# JRE version: 7.0_15-b03
# Java VM: Java HotSpot(TM) Client VM (23.7-b01 mixed mode, sharing windows-x86 )
Heap
 def new generation   total 12096K, used 7095K [0x23af0000, 0x24810000, 0x29040000)
  eden space 10752K,  61% used [0x23af0000, 0x241714b8, 0x24570000)
  from space 1344K,  32% used [0x24570000, 0x245dc948, 0x246c0000)
  to   space 1344K,   0% used [0x246c0000, 0x246c0000, 0x24810000)
 tenured generation   total 26740K, used 19575K [0x29040000, 0x2aa5d000, 0x33af0000)
   the space 26740K,  73% used [0x29040000, 0x2a35dc28, 0x2a35de00, 0x2aa5d000)
 compacting perm gen  total 12288K, used 3394K [0x33af0000, 0x346f0000, 0x37af0000)
   the space 12288K,  27% used [0x33af0000, 0x33e409b0, 0x33e40a00, 0x346f0000)
    ro space 10240K,  42% used [0x37af0000, 0x37f31c28, 0x37f31e00, 0x384f0000)
    rw space 12288K,  54% used [0x384f0000, 0x38b72938, 0x38b72a00, 0x390f0000)
GC Heap History (10 events):
Event: 15.185 GC heap before
{Heap before GC invocations=20 (full 1):
 def new generation   total 6400K, used 6400K [0x23af0000, 0x241e0000, 0x29040000)
  eden space 5696K, 100% used [0x23af0000, 0x24080000, 0x24080000)
  from space 704K, 100% used [0x24080000, 0x24130000, 0x24130000)
  to   space 704K,   0% used [0x24130000, 0x24130000, 0x241e0000)
 tenured generation   total 18348K, used 18321K [0x29040000, 0x2a22b000, 0x33af0000)
   the space 18348K,  99% used [0x29040000, 0x2a224728, 0x2a224800, 0x2a22b000)
 compacting perm gen  total 12288K, used 3067K [0x33af0000, 0x346f0000, 0x37af0000)
   the space 12288K,  24% used [0x33af0000, 0x33deee58, 0x33def000, 0x346f0000)
    ro space 10240K,  42% used [0x37af0000, 0x37f31c28, 0x37f31e00, 0x384f0000)
    rw space 12288K,  54% used [0x384f0000, 0x38b72938, 0x38b72a00, 0x390f0000)
Event: 15.292 GC heap after
Heap after GC invocations=21 (full 2):
 def new generation   total 12096K, used 0K [0x23af0000, 0x24810000, 0x29040000)
  eden space 10752K,   0% used [0x23af0000, 0x23af0000, 0x24570000)
  from space 1344K,   0% used [0x24570000, 0x24570000, 0x246c0000)
  to   space 1344K,   0% used [0x246c0000, 0x246c0000, 0x24810000)
 tenured generation   total 26740K, used 16041K [0x29040000, 0x2aa5d000, 0x33af0000)
   the space 26740K,  59% used [0x29040000, 0x29fea748, 0x29fea800, 0x2aa5d000)
 compacting perm gen  total 12288K, used 3067K [0x33af0000, 0x346f0000, 0x37af0000)
   the space 12288K,  24% used [0x33af0000, 0x33deee58, 0x33def000, 0x346f0000)
    ro space 10240K,  42% used [0x37af0000, 0x37f31c28, 0x37f31e00, 0x384f0000)
    rw space 12288K,  54% used [0x384f0000, 0x38b72938, 0x38b72a00, 0x390f0000)
}
Event: 40.646 GC heap before
{Heap before GC invocations=21 (full 2):
 def new generation   total 12096K, used 10744K [0x23af0000, 0x24810000, 0x29040000)
  eden space 10752K,  99% used [0x23af0000, 0x2456e020, 0x24570000)
  from space 1344K,   0% used [0x24570000, 0x24570000, 0x246c0000)
  to   space 1344K,   0% used [0x246c0000, 0x246c0000, 0x24810000)
 tenured generation   total 26740K, used 16041K [0x29040000, 0x2aa5d000, 0x33af0000)
   the space 26740K,  59% used [0x29040000, 0x29fea748, 0x29fea800, 0x2aa5d000)
 compacting perm gen  total 12288K, used 3386K [0x33af0000, 0x346f0000, 0x37af0000)
   the space 12288K,  27% used [0x33af0000, 0x33e3eb80, 0x33e3ec00, 0x346f0000)
    ro space 10240K,  42% used [0x37af0000, 0x37f31c28, 0x37f31e00, 0x384f0000)
    rw space 12288K,  54% used [0x384f0000, 0x38b72938, 0x38b72a00, 0x390f0000)
Event: 40.653 GC heap after
Heap after GC invocations=22 (full 2):
 def new generation   total 12096K, used 227K [0x23af0000, 0x24810000, 0x29040000)
  eden space 10752K,   0% used [0x23af0000, 0x23af0000, 0x24570000)
  from space 1344K,  16% used [0x246c0000, 0x246f8fd8, 0x24810000)
  to   space 1344K,   0% used [0x24570000, 0x24570000, 0x246c0000)
 tenured generation   total 26740K, used 19575K [0x29040000, 0x2aa5d000, 0x33af0000)
   the space 26740K,  73% used [0x29040000, 0x2a35dc28, 0x2a35de00, 0x2aa5d000)
 compacting perm gen  total 12288K, used 3386K [0x33af0000, 0x346f0000, 0x37af0000)
   the space 12288K,  27% used [0x33af0000, 0x33e3eb80, 0x33e3ec00, 0x346f0000)
    ro space 10240K,  42% used [0x37af0000, 0x37f31c28, 0x37f31e00, 0x384f0000)
    rw space 12288K,  54% used [0x384f0000, 0x38b72938, 0x38b72a00, 0x390f0000)
}
Event: 64.953 GC heap before
{Heap before GC invocations=22 (full 2):
 def new generation   total 12096K, used 10979K [0x23af0000, 0x24810000, 0x29040000)
  eden space 10752K, 100% used [0x23af0000, 0x24570000, 0x24570000)
  from space 1344K,  16% used [0x246c0000, 0x246f8fd8, 0x24810000)
  to   space 1344K,   0% used [0x24570000, 0x24570000, 0x246c0000)
 tenured generation   total 26740K, used 19575K [0x29040000, 0x2aa5d000, 0x33af0000)
   the space 26740K,  73% used [0x29040000, 0x2a35dc28, 0x2a35de00, 0x2aa5d000)
 compacting perm gen  total 12288K, used 3389K [0x33af0000, 0x346f0000, 0x37af0000)
   the space 12288K,  27% used [0x33af0000, 0x33e3f4c8, 0x33e3f600, 0x346f0000)
    ro space 10240K,  42% used [0x37af0000, 0x37f31c28, 0x37f31e00, 0x384f0000)
    rw space 12288K,  54% used [0x384f0000, 0x38b72938, 0x38b72a00, 0x390f0000)
Event: 64.958 GC heap after
Heap after GC invocations=23 (full 2):
 def new generation   total 12096K, used 420K [0x23af0000, 0x24810000, 0x29040000)
  eden space 10752K,   0% used [0x23af0000, 0x23af0000, 0x24570000)
  from space 1344K,  31% used [0x24570000, 0x245d9370, 0x246c0000)
  to   space 1344K,   0% used [0x246c0000, 0x246c0000, 0x24810000)
 tenured generation   total 26740K, used 19575K [0x29040000, 0x2aa5d000, 0x33af0000)
   the space 26740K,  73% used [0x29040000, 0x2a35dc28, 0x2a35de00, 0x2aa5d000)
 compacting perm gen  total 12288K, used 3389K [0x33af0000, 0x346f0000, 0x37af0000)
   the space 12288K,  27% used [0x33af0000, 0x33e3f4c8, 0x33e3f600, 0x346f0000)
    ro space 10240K,  42% used [0x37af0000, 0x37f31c28, 0x37f31e00, 0x384f0000)
    rw space 12288K,  54% used [0x384f0000, 0x38b72938, 0x38b72a00, 0x390f0000)
}
Event: 100.693 GC heap before
{Heap before GC invocations=23 (full 2):
 def new generation   total 12096K, used 11172K [0x23af0000, 0x24810000, 0x29040000)
  eden space 10752K, 100% used [0x23af0000, 0x24570000, 0x24570000)
  from space 1344K,  31% used [0x24570000, 0x245d9370, 0x246c0000)
  to   space 1344K,   0% used [0x246c0000, 0x246c0000, 0x24810000)
 tenured generation   total 26740K, used 19575K [0x29040000, 0x2aa5d000, 0x33af0000)
   the space 26740K,  73% used [0x29040000, 0x2a35dc28, 0x2a35de00, 0x2aa5d000)
 compacting perm gen  total 12288K, used 3394K [0x33af0000, 0x346f0000, 0x37af0000)
   the space 12288K,  27% used [0x33af0000, 0x33e40840, 0x33e40a00, 0x346f0000)
    ro space 10240K,  42% used [0x37af0000, 0x37f31c28, 0x37f31e00, 0x384f0000)
    rw space 12288K,  54% used [0x384f0000, 0x38b72938, 0x38b72a00, 0x390f0000)
Event: 100.698 GC heap after
Heap after GC invocations=24 (full 2):
 def new generation   total 12096K, used 645K [0x23af0000, 0x24810000, 0x29040000)
  eden space 10752K,   0% used [0x23af0000, 0x23af0000, 0x24570000)
  from space 1344K,  47% used [0x246c0000, 0x24761430, 0x24810000)
  to   space 1344K,   0% used [0x24570000, 0x24570000, 0x246c0000)
 tenured generation   total 26740K, used 19575K [0x29040000, 0x2aa5d000, 0x33af0000)
   the space 26740K,  73% used [0x29040000, 0x2a35dc28, 0x2a35de00, 0x2aa5d000)
 compacting perm gen  total 12288K, used 3394K [0x33af0000, 0x346f0000, 0x37af0000)
   the space 12288K,  27% used [0x33af0000, 0x33e40840, 0x33e40a00, 0x346f0000)
    ro space 10240K,  42% used [0x37af0000, 0x37f31c28, 0x37f31e00, 0x384f0000)
    rw space 12288K,  54% used [0x384f0000, 0x38b72938, 0x38b72a00, 0x390f0000)
}
Event: 151.092 GC heap before
{Heap before GC invocations=24 (full 2):
 def new generation   total 12096K, used 11397K [0x23af0000, 0x24810000, 0x29040000)
  eden space 10752K, 100% used [0x23af0000, 0x24570000, 0x24570000)
  from space 1344K,  47% used [0x246c0000, 0x24761430, 0x24810000)
  to   space 1344K,   0% used [0x24570000, 0x24570000, 0x246c0000)
 tenured generation   total 26740K, used 19575K [0x29040000, 0x2aa5d000, 0x33af0000)
   the space 26740K,  73% used [0x29040000, 0x2a35dc28, 0x2a35de00, 0x2aa5d000)
 compacting perm gen  total 12288K, used 3394K [0x33af0000, 0x346f0000, 0x37af0000)
   the space 12288K,  27% used [0x33af0000, 0x33e40950, 0x33e40a00, 0x346f0000)
    ro space 10240K,  42% used [0x37af0000, 0x37f31c28, 0x37f31e00, 0x384f0000)
    rw space 12288K,  54% used [0x384f0000, 0x38b72938, 0x38b72a00, 0x390f0000)
Event: 151.097 GC heap after
Heap after GC invocations=25 (full 2):
 def new generation   total 12096K, used 434K [0x23af0000, 0x24810000, 0x29040000)
  eden space 10752K,   0% used [0x23af0000, 0x23af0000, 0x24570000)
  from space 1344K,  32% used [0x24570000, 0x245dc948, 0x246c0000)
  to   space 1344K,   0% used [0x246c0000, 0x246c0000, 0x24810000)
 tenured generation   total 26740K, used 19575K [0x29040000, 0x2aa5d000, 0x33af0000)
   the space 26740K,  73% used [0x29040000, 0x2a35dc28, 0x2a35de00, 0x2aa5d000)
 compacting perm gen  total 12288K, used 3394K [0x33af0000, 0x346f0000, 0x37af0000)
   the space 12288K,  27% used [0x33af0000, 0x33e40950, 0x33e40a00, 0x346f0000)
    ro space 10240K,  42% used [0x37af0000, 0x37f31c28, 0x37f31e00, 0x384f0000)
    rw space 12288K,  54% used [0x384f0000, 0x38b72938, 0x38b72a00, 0x390f0000)
}

