# JRE version: 7.0_15-b03
# Java VM: Java HotSpot(TM) Client VM (23.7-b01 mixed mode, sharing windows-x86 )
Heap
 def new generation   total 11008K, used 9324K [0x23af0000, 0x246e0000, 0x29040000)
  eden space 9792K,  89% used [0x23af0000, 0x243841d0, 0x24480000)
  from space 1216K,  44% used [0x245b0000, 0x246371c0, 0x246e0000)
  to   space 1216K,   0% used [0x24480000, 0x24480000, 0x245b0000)
 tenured generation   total 24340K, used 21909K [0x29040000, 0x2a805000, 0x33af0000)
   the space 24340K,  90% used [0x29040000, 0x2a5a5750, 0x2a5a5800, 0x2a805000)
 compacting perm gen  total 12288K, used 3333K [0x33af0000, 0x346f0000, 0x37af0000)
   the space 12288K,  27% used [0x33af0000, 0x33e31400, 0x33e31400, 0x346f0000)
    ro space 10240K,  42% used [0x37af0000, 0x37f31c28, 0x37f31e00, 0x384f0000)
    rw space 12288K,  54% used [0x384f0000, 0x38b72938, 0x38b72a00, 0x390f0000)
GC Heap History (10 events):
Event: 497.813 GC heap before
{Heap before GC invocations=213 (full 2):
 def new generation   total 11008K, used 10332K [0x23af0000, 0x246e0000, 0x29040000)
  eden space 9792K, 100% used [0x23af0000, 0x24480000, 0x24480000)
  from space 1216K,  44% used [0x24480000, 0x245071c0, 0x245b0000)
  to   space 1216K,   0% used [0x245b0000, 0x245b0000, 0x246e0000)
 tenured generation   total 24340K, used 21909K [0x29040000, 0x2a805000, 0x33af0000)
   the space 24340K,  90% used [0x29040000, 0x2a5a5750, 0x2a5a5800, 0x2a805000)
 compacting perm gen  total 12288K, used 3332K [0x33af0000, 0x346f0000, 0x37af0000)
   the space 12288K,  27% used [0x33af0000, 0x33e313f0, 0x33e31400, 0x346f0000)
    ro space 10240K,  42% used [0x37af0000, 0x37f31c28, 0x37f31e00, 0x384f0000)
    rw space 12288K,  54% used [0x384f0000, 0x38b72938, 0x38b72a00, 0x390f0000)
Event: 497.814 GC heap after
Heap after GC invocations=214 (full 2):
 def new generation   total 11008K, used 540K [0x23af0000, 0x246e0000, 0x29040000)
  eden space 9792K,   0% used [0x23af0000, 0x23af0000, 0x24480000)
  from space 1216K,  44% used [0x245b0000, 0x246371c0, 0x246e0000)
  to   space 1216K,   0% used [0x24480000, 0x24480000, 0x245b0000)
 tenured generation   total 24340K, used 21909K [0x29040000, 0x2a805000, 0x33af0000)
   the space 24340K,  90% used [0x29040000, 0x2a5a5750, 0x2a5a5800, 0x2a805000)
 compacting perm gen  total 12288K, used 3332K [0x33af0000, 0x346f0000, 0x37af0000)
   the space 12288K,  27% used [0x33af0000, 0x33e313f0, 0x33e31400, 0x346f0000)
    ro space 10240K,  42% used [0x37af0000, 0x37f31c28, 0x37f31e00, 0x384f0000)
    rw space 12288K,  54% used [0x384f0000, 0x38b72938, 0x38b72a00, 0x390f0000)
}
Event: 500.395 GC heap before
{Heap before GC invocations=214 (full 2):
 def new generation   total 11008K, used 10332K [0x23af0000, 0x246e0000, 0x29040000)
  eden space 9792K, 100% used [0x23af0000, 0x24480000, 0x24480000)
  from space 1216K,  44% used [0x245b0000, 0x246371c0, 0x246e0000)
  to   space 1216K,   0% used [0x24480000, 0x24480000, 0x245b0000)
 tenured generation   total 24340K, used 21909K [0x29040000, 0x2a805000, 0x33af0000)
   the space 24340K,  90% used [0x29040000, 0x2a5a5750, 0x2a5a5800, 0x2a805000)
 compacting perm gen  total 12288K, used 3332K [0x33af0000, 0x346f0000, 0x37af0000)
   the space 12288K,  27% used [0x33af0000, 0x33e313f0, 0x33e31400, 0x346f0000)
    ro space 10240K,  42% used [0x37af0000, 0x37f31c28, 0x37f31e00, 0x384f0000)
    rw space 12288K,  54% used [0x384f0000, 0x38b72938, 0x38b72a00, 0x390f0000)
Event: 500.397 GC heap after
Heap after GC invocations=215 (full 2):
 def new generation   total 11008K, used 540K [0x23af0000, 0x246e0000, 0x29040000)
  eden space 9792K,   0% used [0x23af0000, 0x23af0000, 0x24480000)
  from space 1216K,  44% used [0x24480000, 0x245071c0, 0x245b0000)
  to   space 1216K,   0% used [0x245b0000, 0x245b0000, 0x246e0000)
 tenured generation   total 24340K, used 21909K [0x29040000, 0x2a805000, 0x33af0000)
   the space 24340K,  90% used [0x29040000, 0x2a5a5750, 0x2a5a5800, 0x2a805000)
 compacting perm gen  total 12288K, used 3332K [0x33af0000, 0x346f0000, 0x37af0000)
   the space 12288K,  27% used [0x33af0000, 0x33e313f0, 0x33e31400, 0x346f0000)
    ro space 10240K,  42% used [0x37af0000, 0x37f31c28, 0x37f31e00, 0x384f0000)
    rw space 12288K,  54% used [0x384f0000, 0x38b72938, 0x38b72a00, 0x390f0000)
}
Event: 502.927 GC heap before
{Heap before GC invocations=215 (full 2):
 def new generation   total 11008K, used 10332K [0x23af0000, 0x246e0000, 0x29040000)
  eden space 9792K, 100% used [0x23af0000, 0x24480000, 0x24480000)
  from space 1216K,  44% used [0x24480000, 0x245071c0, 0x245b0000)
  to   space 1216K,   0% used [0x245b0000, 0x245b0000, 0x246e0000)
 tenured generation   total 24340K, used 21909K [0x29040000, 0x2a805000, 0x33af0000)
   the space 24340K,  90% used [0x29040000, 0x2a5a5750, 0x2a5a5800, 0x2a805000)
 compacting perm gen  total 12288K, used 3332K [0x33af0000, 0x346f0000, 0x37af0000)
   the space 12288K,  27% used [0x33af0000, 0x33e313f0, 0x33e31400, 0x346f0000)
    ro space 10240K,  42% used [0x37af0000, 0x37f31c28, 0x37f31e00, 0x384f0000)
    rw space 12288K,  54% used [0x384f0000, 0x38b72938, 0x38b72a00, 0x390f0000)
Event: 502.932 GC heap after
Heap after GC invocations=216 (full 2):
 def new generation   total 11008K, used 540K [0x23af0000, 0x246e0000, 0x29040000)
  eden space 9792K,   0% used [0x23af0000, 0x23af0000, 0x24480000)
  from space 1216K,  44% used [0x245b0000, 0x246371c0, 0x246e0000)
  to   space 1216K,   0% used [0x24480000, 0x24480000, 0x245b0000)
 tenured generation   total 24340K, used 21909K [0x29040000, 0x2a805000, 0x33af0000)
   the space 24340K,  90% used [0x29040000, 0x2a5a5750, 0x2a5a5800, 0x2a805000)
 compacting perm gen  total 12288K, used 3332K [0x33af0000, 0x346f0000, 0x37af0000)
   the space 12288K,  27% used [0x33af0000, 0x33e313f0, 0x33e31400, 0x346f0000)
    ro space 10240K,  42% used [0x37af0000, 0x37f31c28, 0x37f31e00, 0x384f0000)
    rw space 12288K,  54% used [0x384f0000, 0x38b72938, 0x38b72a00, 0x390f0000)
}
Event: 505.445 GC heap before
{Heap before GC invocations=216 (full 2):
 def new generation   total 11008K, used 10332K [0x23af0000, 0x246e0000, 0x29040000)
  eden space 9792K, 100% used [0x23af0000, 0x24480000, 0x24480000)
  from space 1216K,  44% used [0x245b0000, 0x246371c0, 0x246e0000)
  to   space 1216K,   0% used [0x24480000, 0x24480000, 0x245b0000)
 tenured generation   total 24340K, used 21909K [0x29040000, 0x2a805000, 0x33af0000)
   the space 24340K,  90% used [0x29040000, 0x2a5a5750, 0x2a5a5800, 0x2a805000)
 compacting perm gen  total 12288K, used 3332K [0x33af0000, 0x346f0000, 0x37af0000)
   the space 12288K,  27% used [0x33af0000, 0x33e313f0, 0x33e31400, 0x346f0000)
    ro space 10240K,  42% used [0x37af0000, 0x37f31c28, 0x37f31e00, 0x384f0000)
    rw space 12288K,  54% used [0x384f0000, 0x38b72938, 0x38b72a00, 0x390f0000)
Event: 505.448 GC heap after
Heap after GC invocations=217 (full 2):
 def new generation   total 11008K, used 540K [0x23af0000, 0x246e0000, 0x29040000)
  eden space 9792K,   0% used [0x23af0000, 0x23af0000, 0x24480000)
  from space 1216K,  44% used [0x24480000, 0x245071c0, 0x245b0000)
  to   space 1216K,   0% used [0x245b0000, 0x245b0000, 0x246e0000)
 tenured generation   total 24340K, used 21909K [0x29040000, 0x2a805000, 0x33af0000)
   the space 24340K,  90% used [0x29040000, 0x2a5a5750, 0x2a5a5800, 0x2a805000)
 compacting perm gen  total 12288K, used 3332K [0x33af0000, 0x346f0000, 0x37af0000)
   the space 12288K,  27% used [0x33af0000, 0x33e313f0, 0x33e31400, 0x346f0000)
    ro space 10240K,  42% used [0x37af0000, 0x37f31c28, 0x37f31e00, 0x384f0000)
    rw space 12288K,  54% used [0x384f0000, 0x38b72938, 0x38b72a00, 0x390f0000)
}
Event: 508.036 GC heap before
{Heap before GC invocations=217 (full 2):
 def new generation   total 11008K, used 10332K [0x23af0000, 0x246e0000, 0x29040000)
  eden space 9792K, 100% used [0x23af0000, 0x24480000, 0x24480000)
  from space 1216K,  44% used [0x24480000, 0x245071c0, 0x245b0000)
  to   space 1216K,   0% used [0x245b0000, 0x245b0000, 0x246e0000)
 tenured generation   total 24340K, used 21909K [0x29040000, 0x2a805000, 0x33af0000)
   the space 24340K,  90% used [0x29040000, 0x2a5a5750, 0x2a5a5800, 0x2a805000)
 compacting perm gen  total 12288K, used 3332K [0x33af0000, 0x346f0000, 0x37af0000)
   the space 12288K,  27% used [0x33af0000, 0x33e313f0, 0x33e31400, 0x346f0000)
    ro space 10240K,  42% used [0x37af0000, 0x37f31c28, 0x37f31e00, 0x384f0000)
    rw space 12288K,  54% used [0x384f0000, 0x38b72938, 0x38b72a00, 0x390f0000)
Event: 508.038 GC heap after
Heap after GC invocations=218 (full 2):
 def new generation   total 11008K, used 540K [0x23af0000, 0x246e0000, 0x29040000)
  eden space 9792K,   0% used [0x23af0000, 0x23af0000, 0x24480000)
  from space 1216K,  44% used [0x245b0000, 0x246371c0, 0x246e0000)
  to   space 1216K,   0% used [0x24480000, 0x24480000, 0x245b0000)
 tenured generation   total 24340K, used 21909K [0x29040000, 0x2a805000, 0x33af0000)
   the space 24340K,  90% used [0x29040000, 0x2a5a5750, 0x2a5a5800, 0x2a805000)
 compacting perm gen  total 12288K, used 3332K [0x33af0000, 0x346f0000, 0x37af0000)
   the space 12288K,  27% used [0x33af0000, 0x33e313f0, 0x33e31400, 0x346f0000)
    ro space 10240K,  42% used [0x37af0000, 0x37f31c28, 0x37f31e00, 0x384f0000)
    rw space 12288K,  54% used [0x384f0000, 0x38b72938, 0x38b72a00, 0x390f0000)
}

