# JRE version: 7.0_15-b03
# Java VM: Java HotSpot(TM) Client VM (23.7-b01 mixed mode, sharing windows-x86 )
Heap
 def new generation   total 12352K, used 4544K [0x23af0000, 0x24850000, 0x29040000)
  eden space 11008K,  36% used [0x23af0000, 0x23ee0a30, 0x245b0000)
  from space 1344K,  37% used [0x24700000, 0x2477f7f8, 0x24850000)
  to   space 1344K,   0% used [0x245b0000, 0x245b0000, 0x24700000)
 tenured generation   total 27256K, used 22597K [0x29040000, 0x2aade000, 0x33af0000)
   the space 27256K,  82% used [0x29040000, 0x2a6517b0, 0x2a651800, 0x2aade000)
 compacting perm gen  total 12288K, used 3363K [0x33af0000, 0x346f0000, 0x37af0000)
   the space 12288K,  27% used [0x33af0000, 0x33e38c90, 0x33e38e00, 0x346f0000)
    ro space 10240K,  42% used [0x37af0000, 0x37f31c28, 0x37f31e00, 0x384f0000)
    rw space 12288K,  54% used [0x384f0000, 0x38b72938, 0x38b72a00, 0x390f0000)
GC Heap History (10 events):
Event: 205.888 GC heap before
{Heap before GC invocations=26 (full 2):
 def new generation   total 12352K, used 11211K [0x23af0000, 0x24850000, 0x29040000)
  eden space 11008K, 100% used [0x23af0000, 0x245b0000, 0x245b0000)
  from space 1344K,  15% used [0x245b0000, 0x245e2ef0, 0x24700000)
  to   space 1344K,   0% used [0x24700000, 0x24700000, 0x24850000)
 tenured generation   total 27256K, used 20776K [0x29040000, 0x2aade000, 0x33af0000)
   the space 27256K,  76% used [0x29040000, 0x2a48a0e0, 0x2a48a200, 0x2aade000)
 compacting perm gen  total 12288K, used 3360K [0x33af0000, 0x346f0000, 0x37af0000)
   the space 12288K,  27% used [0x33af0000, 0x33e38118, 0x33e38200, 0x346f0000)
    ro space 10240K,  42% used [0x37af0000, 0x37f31c28, 0x37f31e00, 0x384f0000)
    rw space 12288K,  54% used [0x384f0000, 0x38b72938, 0x38b72a00, 0x390f0000)
Event: 205.893 GC heap after
Heap after GC invocations=27 (full 2):
 def new generation   total 12352K, used 1220K [0x23af0000, 0x24850000, 0x29040000)
  eden space 11008K,   0% used [0x23af0000, 0x23af0000, 0x245b0000)
  from space 1344K,  90% used [0x24700000, 0x24831018, 0x24850000)
  to   space 1344K,   0% used [0x245b0000, 0x245b0000, 0x24700000)
 tenured generation   total 27256K, used 20776K [0x29040000, 0x2aade000, 0x33af0000)
   the space 27256K,  76% used [0x29040000, 0x2a48a0e0, 0x2a48a200, 0x2aade000)
 compacting perm gen  total 12288K, used 3360K [0x33af0000, 0x346f0000, 0x37af0000)
   the space 12288K,  27% used [0x33af0000, 0x33e38118, 0x33e38200, 0x346f0000)
    ro space 10240K,  42% used [0x37af0000, 0x37f31c28, 0x37f31e00, 0x384f0000)
    rw space 12288K,  54% used [0x384f0000, 0x38b72938, 0x38b72a00, 0x390f0000)
}
Event: 237.676 GC heap before
{Heap before GC invocations=27 (full 2):
 def new generation   total 12352K, used 12228K [0x23af0000, 0x24850000, 0x29040000)
  eden space 11008K, 100% used [0x23af0000, 0x245b0000, 0x245b0000)
  from space 1344K,  90% used [0x24700000, 0x24831018, 0x24850000)
  to   space 1344K,   0% used [0x245b0000, 0x245b0000, 0x24700000)
 tenured generation   total 27256K, used 20776K [0x29040000, 0x2aade000, 0x33af0000)
   the space 27256K,  76% used [0x29040000, 0x2a48a0e0, 0x2a48a200, 0x2aade000)
 compacting perm gen  total 12288K, used 3360K [0x33af0000, 0x346f0000, 0x37af0000)
   the space 12288K,  27% used [0x33af0000, 0x33e381f8, 0x33e38200, 0x346f0000)
    ro space 10240K,  42% used [0x37af0000, 0x37f31c28, 0x37f31e00, 0x384f0000)
    rw space 12288K,  54% used [0x384f0000, 0x38b72938, 0x38b72a00, 0x390f0000)
Event: 237.685 GC heap after
Heap after GC invocations=28 (full 2):
 def new generation   total 12352K, used 710K [0x23af0000, 0x24850000, 0x29040000)
  eden space 11008K,   0% used [0x23af0000, 0x23af0000, 0x245b0000)
  from space 1344K,  52% used [0x245b0000, 0x24661850, 0x24700000)
  to   space 1344K,   0% used [0x24700000, 0x24700000, 0x24850000)
 tenured generation   total 27256K, used 21919K [0x29040000, 0x2aade000, 0x33af0000)
   the space 27256K,  80% used [0x29040000, 0x2a5a7ce0, 0x2a5a7e00, 0x2aade000)
 compacting perm gen  total 12288K, used 3360K [0x33af0000, 0x346f0000, 0x37af0000)
   the space 12288K,  27% used [0x33af0000, 0x33e381f8, 0x33e38200, 0x346f0000)
    ro space 10240K,  42% used [0x37af0000, 0x37f31c28, 0x37f31e00, 0x384f0000)
    rw space 12288K,  54% used [0x384f0000, 0x38b72938, 0x38b72a00, 0x390f0000)
}
Event: 273.125 GC heap before
{Heap before GC invocations=28 (full 2):
 def new generation   total 12352K, used 11718K [0x23af0000, 0x24850000, 0x29040000)
  eden space 11008K, 100% used [0x23af0000, 0x245b0000, 0x245b0000)
  from space 1344K,  52% used [0x245b0000, 0x24661850, 0x24700000)
  to   space 1344K,   0% used [0x24700000, 0x24700000, 0x24850000)
 tenured generation   total 27256K, used 21919K [0x29040000, 0x2aade000, 0x33af0000)
   the space 27256K,  80% used [0x29040000, 0x2a5a7ce0, 0x2a5a7e00, 0x2aade000)
 compacting perm gen  total 12288K, used 3360K [0x33af0000, 0x346f0000, 0x37af0000)
   the space 12288K,  27% used [0x33af0000, 0x33e382c8, 0x33e38400, 0x346f0000)
    ro space 10240K,  42% used [0x37af0000, 0x37f31c28, 0x37f31e00, 0x384f0000)
    rw space 12288K,  54% used [0x384f0000, 0x38b72938, 0x38b72a00, 0x390f0000)
Event: 273.130 GC heap after
Heap after GC invocations=29 (full 2):
 def new generation   total 12352K, used 306K [0x23af0000, 0x24850000, 0x29040000)
  eden space 11008K,   0% used [0x23af0000, 0x23af0000, 0x245b0000)
  from space 1344K,  22% used [0x24700000, 0x2474ca40, 0x24850000)
  to   space 1344K,   0% used [0x245b0000, 0x245b0000, 0x24700000)
 tenured generation   total 27256K, used 22552K [0x29040000, 0x2aade000, 0x33af0000)
   the space 27256K,  82% used [0x29040000, 0x2a646170, 0x2a646200, 0x2aade000)
 compacting perm gen  total 12288K, used 3360K [0x33af0000, 0x346f0000, 0x37af0000)
   the space 12288K,  27% used [0x33af0000, 0x33e382c8, 0x33e38400, 0x346f0000)
    ro space 10240K,  42% used [0x37af0000, 0x37f31c28, 0x37f31e00, 0x384f0000)
    rw space 12288K,  54% used [0x384f0000, 0x38b72938, 0x38b72a00, 0x390f0000)
}
Event: 300.121 GC heap before
{Heap before GC invocations=29 (full 2):
 def new generation   total 12352K, used 11314K [0x23af0000, 0x24850000, 0x29040000)
  eden space 11008K, 100% used [0x23af0000, 0x245b0000, 0x245b0000)
  from space 1344K,  22% used [0x24700000, 0x2474ca40, 0x24850000)
  to   space 1344K,   0% used [0x245b0000, 0x245b0000, 0x24700000)
 tenured generation   total 27256K, used 22552K [0x29040000, 0x2aade000, 0x33af0000)
   the space 27256K,  82% used [0x29040000, 0x2a646170, 0x2a646200, 0x2aade000)
 compacting perm gen  total 12288K, used 3362K [0x33af0000, 0x346f0000, 0x37af0000)
   the space 12288K,  27% used [0x33af0000, 0x33e38ab8, 0x33e38c00, 0x346f0000)
    ro space 10240K,  42% used [0x37af0000, 0x37f31c28, 0x37f31e00, 0x384f0000)
    rw space 12288K,  54% used [0x384f0000, 0x38b72938, 0x38b72a00, 0x390f0000)
Event: 300.126 GC heap after
Heap after GC invocations=30 (full 2):
 def new generation   total 12352K, used 673K [0x23af0000, 0x24850000, 0x29040000)
  eden space 11008K,   0% used [0x23af0000, 0x23af0000, 0x245b0000)
  from space 1344K,  50% used [0x245b0000, 0x246584a8, 0x24700000)
  to   space 1344K,   0% used [0x24700000, 0x24700000, 0x24850000)
 tenured generation   total 27256K, used 22552K [0x29040000, 0x2aade000, 0x33af0000)
   the space 27256K,  82% used [0x29040000, 0x2a646170, 0x2a646200, 0x2aade000)
 compacting perm gen  total 12288K, used 3362K [0x33af0000, 0x346f0000, 0x37af0000)
   the space 12288K,  27% used [0x33af0000, 0x33e38ab8, 0x33e38c00, 0x346f0000)
    ro space 10240K,  42% used [0x37af0000, 0x37f31c28, 0x37f31e00, 0x384f0000)
    rw space 12288K,  54% used [0x384f0000, 0x38b72938, 0x38b72a00, 0x390f0000)
}
Event: 348.639 GC heap before
{Heap before GC invocations=30 (full 2):
 def new generation   total 12352K, used 11681K [0x23af0000, 0x24850000, 0x29040000)
  eden space 11008K, 100% used [0x23af0000, 0x245b0000, 0x245b0000)
  from space 1344K,  50% used [0x245b0000, 0x246584a8, 0x24700000)
  to   space 1344K,   0% used [0x24700000, 0x24700000, 0x24850000)
 tenured generation   total 27256K, used 22552K [0x29040000, 0x2aade000, 0x33af0000)
   the space 27256K,  82% used [0x29040000, 0x2a646170, 0x2a646200, 0x2aade000)
 compacting perm gen  total 12288K, used 3363K [0x33af0000, 0x346f0000, 0x37af0000)
   the space 12288K,  27% used [0x33af0000, 0x33e38c70, 0x33e38e00, 0x346f0000)
    ro space 10240K,  42% used [0x37af0000, 0x37f31c28, 0x37f31e00, 0x384f0000)
    rw space 12288K,  54% used [0x384f0000, 0x38b72938, 0x38b72a00, 0x390f0000)
Event: 348.643 GC heap after
Heap after GC invocations=31 (full 2):
 def new generation   total 12352K, used 509K [0x23af0000, 0x24850000, 0x29040000)
  eden space 11008K,   0% used [0x23af0000, 0x23af0000, 0x245b0000)
  from space 1344K,  37% used [0x24700000, 0x2477f7f8, 0x24850000)
  to   space 1344K,   0% used [0x245b0000, 0x245b0000, 0x24700000)
 tenured generation   total 27256K, used 22597K [0x29040000, 0x2aade000, 0x33af0000)
   the space 27256K,  82% used [0x29040000, 0x2a6517b0, 0x2a651800, 0x2aade000)
 compacting perm gen  total 12288K, used 3363K [0x33af0000, 0x346f0000, 0x37af0000)
   the space 12288K,  27% used [0x33af0000, 0x33e38c70, 0x33e38e00, 0x346f0000)
    ro space 10240K,  42% used [0x37af0000, 0x37f31c28, 0x37f31e00, 0x384f0000)
    rw space 12288K,  54% used [0x384f0000, 0x38b72938, 0x38b72a00, 0x390f0000)
}

