# JRE version: 7.0_15-b03
# Java VM: Java HotSpot(TM) Client VM (23.7-b01 mixed mode, sharing windows-x86 )
Heap
 def new generation   total 10816K, used 8227K [0x23af0000, 0x246a0000, 0x29040000)
  eden space 9664K,  79% used [0x23af0000, 0x24271b60, 0x24460000)
  from space 1152K,  46% used [0x24580000, 0x24607210, 0x246a0000)
  to   space 1152K,   0% used [0x24460000, 0x24460000, 0x24580000)
 tenured generation   total 23860K, used 22957K [0x29040000, 0x2a78d000, 0x33af0000)
   the space 23860K,  96% used [0x29040000, 0x2a6ab6c8, 0x2a6ab800, 0x2a78d000)
 compacting perm gen  total 12288K, used 3379K [0x33af0000, 0x346f0000, 0x37af0000)
   the space 12288K,  27% used [0x33af0000, 0x33e3cea0, 0x33e3d000, 0x346f0000)
    ro space 10240K,  42% used [0x37af0000, 0x37f31c28, 0x37f31e00, 0x384f0000)
    rw space 12288K,  54% used [0x384f0000, 0x38b72938, 0x38b72a00, 0x390f0000)
GC Heap History (10 events):
Event: 104.698 GC heap before
{Heap before GC invocations=61 (full 2):
 def new generation   total 10816K, used 809K [0x23af0000, 0x246a0000, 0x29040000)
  eden space 9664K,   0% used [0x23af0000, 0x23af26e8, 0x24460000)
  from space 1152K,  69% used [0x24460000, 0x24527dc8, 0x24580000)
  to   space 1152K,   0% used [0x24580000, 0x24580000, 0x246a0000)
 tenured generation   total 23860K, used 21999K [0x29040000, 0x2a78d000, 0x33af0000)
   the space 23860K,  92% used [0x29040000, 0x2a5bbc00, 0x2a5bbc00, 0x2a78d000)
 compacting perm gen  total 12288K, used 3379K [0x33af0000, 0x346f0000, 0x37af0000)
   the space 12288K,  27% used [0x33af0000, 0x33e3ce30, 0x33e3d000, 0x346f0000)
    ro space 10240K,  42% used [0x37af0000, 0x37f31c28, 0x37f31e00, 0x384f0000)
    rw space 12288K,  54% used [0x384f0000, 0x38b72938, 0x38b72a00, 0x390f0000)
Event: 104.701 GC heap after
Heap after GC invocations=62 (full 2):
 def new generation   total 10816K, used 0K [0x23af0000, 0x246a0000, 0x29040000)
  eden space 9664K,   0% used [0x23af0000, 0x23af0000, 0x24460000)
  from space 1152K,   0% used [0x24580000, 0x245800f0, 0x246a0000)
  to   space 1152K,   0% used [0x24460000, 0x24460000, 0x24580000)
 tenured generation   total 23860K, used 22798K [0x29040000, 0x2a78d000, 0x33af0000)
   the space 23860K,  95% used [0x29040000, 0x2a6838a8, 0x2a683a00, 0x2a78d000)
 compacting perm gen  total 12288K, used 3379K [0x33af0000, 0x346f0000, 0x37af0000)
   the space 12288K,  27% used [0x33af0000, 0x33e3ce30, 0x33e3d000, 0x346f0000)
    ro space 10240K,  42% used [0x37af0000, 0x37f31c28, 0x37f31e00, 0x384f0000)
    rw space 12288K,  54% used [0x384f0000, 0x38b72938, 0x38b72a00, 0x390f0000)
}
Event: 107.121 GC heap before
{Heap before GC invocations=62 (full 2):
 def new generation   total 10816K, used 9664K [0x23af0000, 0x246a0000, 0x29040000)
  eden space 9664K, 100% used [0x23af0000, 0x24460000, 0x24460000)
  from space 1152K,   0% used [0x24580000, 0x245800f0, 0x246a0000)
  to   space 1152K,   0% used [0x24460000, 0x24460000, 0x24580000)
 tenured generation   total 23860K, used 22798K [0x29040000, 0x2a78d000, 0x33af0000)
   the space 23860K,  95% used [0x29040000, 0x2a6838a8, 0x2a683a00, 0x2a78d000)
 compacting perm gen  total 12288K, used 3379K [0x33af0000, 0x346f0000, 0x37af0000)
   the space 12288K,  27% used [0x33af0000, 0x33e3ce40, 0x33e3d000, 0x346f0000)
    ro space 10240K,  42% used [0x37af0000, 0x37f31c28, 0x37f31e00, 0x384f0000)
    rw space 12288K,  54% used [0x384f0000, 0x38b72938, 0x38b72a00, 0x390f0000)
Event: 107.123 GC heap after
Heap after GC invocations=63 (full 2):
 def new generation   total 10816K, used 212K [0x23af0000, 0x246a0000, 0x29040000)
  eden space 9664K,   0% used [0x23af0000, 0x23af0000, 0x24460000)
  from space 1152K,  18% used [0x24460000, 0x24495140, 0x24580000)
  to   space 1152K,   0% used [0x24580000, 0x24580000, 0x246a0000)
 tenured generation   total 23860K, used 22798K [0x29040000, 0x2a78d000, 0x33af0000)
   the space 23860K,  95% used [0x29040000, 0x2a6838a8, 0x2a683a00, 0x2a78d000)
 compacting perm gen  total 12288K, used 3379K [0x33af0000, 0x346f0000, 0x37af0000)
   the space 12288K,  27% used [0x33af0000, 0x33e3ce40, 0x33e3d000, 0x346f0000)
    ro space 10240K,  42% used [0x37af0000, 0x37f31c28, 0x37f31e00, 0x384f0000)
    rw space 12288K,  54% used [0x384f0000, 0x38b72938, 0x38b72a00, 0x390f0000)
}
Event: 109.493 GC heap before
{Heap before GC invocations=63 (full 2):
 def new generation   total 10816K, used 9876K [0x23af0000, 0x246a0000, 0x29040000)
  eden space 9664K, 100% used [0x23af0000, 0x24460000, 0x24460000)
  from space 1152K,  18% used [0x24460000, 0x24495140, 0x24580000)
  to   space 1152K,   0% used [0x24580000, 0x24580000, 0x246a0000)
 tenured generation   total 23860K, used 22798K [0x29040000, 0x2a78d000, 0x33af0000)
   the space 23860K,  95% used [0x29040000, 0x2a6838a8, 0x2a683a00, 0x2a78d000)
 compacting perm gen  total 12288K, used 3379K [0x33af0000, 0x346f0000, 0x37af0000)
   the space 12288K,  27% used [0x33af0000, 0x33e3ce40, 0x33e3d000, 0x346f0000)
    ro space 10240K,  42% used [0x37af0000, 0x37f31c28, 0x37f31e00, 0x384f0000)
    rw space 12288K,  54% used [0x384f0000, 0x38b72938, 0x38b72a00, 0x390f0000)
Event: 109.495 GC heap after
Heap after GC invocations=64 (full 2):
 def new generation   total 10816K, used 699K [0x23af0000, 0x246a0000, 0x29040000)
  eden space 9664K,   0% used [0x23af0000, 0x23af0000, 0x24460000)
  from space 1152K,  60% used [0x24580000, 0x2462ee20, 0x246a0000)
  to   space 1152K,   0% used [0x24460000, 0x24460000, 0x24580000)
 tenured generation   total 23860K, used 22798K [0x29040000, 0x2a78d000, 0x33af0000)
   the space 23860K,  95% used [0x29040000, 0x2a6838a8, 0x2a683a00, 0x2a78d000)
 compacting perm gen  total 12288K, used 3379K [0x33af0000, 0x346f0000, 0x37af0000)
   the space 12288K,  27% used [0x33af0000, 0x33e3ce40, 0x33e3d000, 0x346f0000)
    ro space 10240K,  42% used [0x37af0000, 0x37f31c28, 0x37f31e00, 0x384f0000)
    rw space 12288K,  54% used [0x384f0000, 0x38b72938, 0x38b72a00, 0x390f0000)
}
Event: 111.995 GC heap before
{Heap before GC invocations=64 (full 2):
 def new generation   total 10816K, used 10363K [0x23af0000, 0x246a0000, 0x29040000)
  eden space 9664K, 100% used [0x23af0000, 0x24460000, 0x24460000)
  from space 1152K,  60% used [0x24580000, 0x2462ee20, 0x246a0000)
  to   space 1152K,   0% used [0x24460000, 0x24460000, 0x24580000)
 tenured generation   total 23860K, used 22798K [0x29040000, 0x2a78d000, 0x33af0000)
   the space 23860K,  95% used [0x29040000, 0x2a6838a8, 0x2a683a00, 0x2a78d000)
 compacting perm gen  total 12288K, used 3379K [0x33af0000, 0x346f0000, 0x37af0000)
   the space 12288K,  27% used [0x33af0000, 0x33e3cea0, 0x33e3d000, 0x346f0000)
    ro space 10240K,  42% used [0x37af0000, 0x37f31c28, 0x37f31e00, 0x384f0000)
    rw space 12288K,  54% used [0x384f0000, 0x38b72938, 0x38b72a00, 0x390f0000)
Event: 111.997 GC heap after
Heap after GC invocations=65 (full 2):
 def new generation   total 10816K, used 540K [0x23af0000, 0x246a0000, 0x29040000)
  eden space 9664K,   0% used [0x23af0000, 0x23af0000, 0x24460000)
  from space 1152K,  46% used [0x24460000, 0x244e7210, 0x24580000)
  to   space 1152K,   0% used [0x24580000, 0x24580000, 0x246a0000)
 tenured generation   total 23860K, used 22957K [0x29040000, 0x2a78d000, 0x33af0000)
   the space 23860K,  96% used [0x29040000, 0x2a6ab6c8, 0x2a6ab800, 0x2a78d000)
 compacting perm gen  total 12288K, used 3379K [0x33af0000, 0x346f0000, 0x37af0000)
   the space 12288K,  27% used [0x33af0000, 0x33e3cea0, 0x33e3d000, 0x346f0000)
    ro space 10240K,  42% used [0x37af0000, 0x37f31c28, 0x37f31e00, 0x384f0000)
    rw space 12288K,  54% used [0x384f0000, 0x38b72938, 0x38b72a00, 0x390f0000)
}
Event: 114.395 GC heap before
{Heap before GC invocations=65 (full 2):
 def new generation   total 10816K, used 10204K [0x23af0000, 0x246a0000, 0x29040000)
  eden space 9664K, 100% used [0x23af0000, 0x24460000, 0x24460000)
  from space 1152K,  46% used [0x24460000, 0x244e7210, 0x24580000)
  to   space 1152K,   0% used [0x24580000, 0x24580000, 0x246a0000)
 tenured generation   total 23860K, used 22957K [0x29040000, 0x2a78d000, 0x33af0000)
   the space 23860K,  96% used [0x29040000, 0x2a6ab6c8, 0x2a6ab800, 0x2a78d000)
 compacting perm gen  total 12288K, used 3379K [0x33af0000, 0x346f0000, 0x37af0000)
   the space 12288K,  27% used [0x33af0000, 0x33e3cea0, 0x33e3d000, 0x346f0000)
    ro space 10240K,  42% used [0x37af0000, 0x37f31c28, 0x37f31e00, 0x384f0000)
    rw space 12288K,  54% used [0x384f0000, 0x38b72938, 0x38b72a00, 0x390f0000)
Event: 114.397 GC heap after
Heap after GC invocations=66 (full 2):
 def new generation   total 10816K, used 540K [0x23af0000, 0x246a0000, 0x29040000)
  eden space 9664K,   0% used [0x23af0000, 0x23af0000, 0x24460000)
  from space 1152K,  46% used [0x24580000, 0x24607210, 0x246a0000)
  to   space 1152K,   0% used [0x24460000, 0x24460000, 0x24580000)
 tenured generation   total 23860K, used 22957K [0x29040000, 0x2a78d000, 0x33af0000)
   the space 23860K,  96% used [0x29040000, 0x2a6ab6c8, 0x2a6ab800, 0x2a78d000)
 compacting perm gen  total 12288K, used 3379K [0x33af0000, 0x346f0000, 0x37af0000)
   the space 12288K,  27% used [0x33af0000, 0x33e3cea0, 0x33e3d000, 0x346f0000)
    ro space 10240K,  42% used [0x37af0000, 0x37f31c28, 0x37f31e00, 0x384f0000)
    rw space 12288K,  54% used [0x384f0000, 0x38b72938, 0x38b72a00, 0x390f0000)
}

