# JRE version: 7.0_15-b03
# Java VM: Java HotSpot(TM) Client VM (23.7-b01 mixed mode, sharing windows-x86 )
Heap
 def new generation   total 11008K, used 6932K [0x23af0000, 0x246e0000, 0x29040000)
  eden space 9792K,  63% used [0x23af0000, 0x24107920, 0x24480000)
  from space 1216K,  57% used [0x245b0000, 0x2465d840, 0x246e0000)
  to   space 1216K,   0% used [0x24480000, 0x24480000, 0x245b0000)
 tenured generation   total 24340K, used 22436K [0x29040000, 0x2a805000, 0x33af0000)
   the space 24340K,  92% used [0x29040000, 0x2a629368, 0x2a629400, 0x2a805000)
 compacting perm gen  total 12288K, used 3296K [0x33af0000, 0x346f0000, 0x37af0000)
   the space 12288K,  26% used [0x33af0000, 0x33e283b0, 0x33e28400, 0x346f0000)
    ro space 10240K,  42% used [0x37af0000, 0x37f31c28, 0x37f31e00, 0x384f0000)
    rw space 12288K,  54% used [0x384f0000, 0x38b72938, 0x38b72a00, 0x390f0000)
GC Heap History (10 events):
Event: 185.653 GC heap before
{Heap before GC invocations=84 (full 2):
 def new generation   total 11008K, used 10332K [0x23af0000, 0x246e0000, 0x29040000)
  eden space 9792K, 100% used [0x23af0000, 0x24480000, 0x24480000)
  from space 1216K,  44% used [0x24480000, 0x245071c0, 0x245b0000)
  to   space 1216K,   0% used [0x245b0000, 0x245b0000, 0x246e0000)
 tenured generation   total 24340K, used 22436K [0x29040000, 0x2a805000, 0x33af0000)
   the space 24340K,  92% used [0x29040000, 0x2a629368, 0x2a629400, 0x2a805000)
 compacting perm gen  total 12288K, used 3296K [0x33af0000, 0x346f0000, 0x37af0000)
   the space 12288K,  26% used [0x33af0000, 0x33e283b0, 0x33e28400, 0x346f0000)
    ro space 10240K,  42% used [0x37af0000, 0x37f31c28, 0x37f31e00, 0x384f0000)
    rw space 12288K,  54% used [0x384f0000, 0x38b72938, 0x38b72a00, 0x390f0000)
Event: 185.655 GC heap after
Heap after GC invocations=85 (full 2):
 def new generation   total 11008K, used 540K [0x23af0000, 0x246e0000, 0x29040000)
  eden space 9792K,   0% used [0x23af0000, 0x23af0000, 0x24480000)
  from space 1216K,  44% used [0x245b0000, 0x246371c0, 0x246e0000)
  to   space 1216K,   0% used [0x24480000, 0x24480000, 0x245b0000)
 tenured generation   total 24340K, used 22436K [0x29040000, 0x2a805000, 0x33af0000)
   the space 24340K,  92% used [0x29040000, 0x2a629368, 0x2a629400, 0x2a805000)
 compacting perm gen  total 12288K, used 3296K [0x33af0000, 0x346f0000, 0x37af0000)
   the space 12288K,  26% used [0x33af0000, 0x33e283b0, 0x33e28400, 0x346f0000)
    ro space 10240K,  42% used [0x37af0000, 0x37f31c28, 0x37f31e00, 0x384f0000)
    rw space 12288K,  54% used [0x384f0000, 0x38b72938, 0x38b72a00, 0x390f0000)
}
Event: 188.282 GC heap before
{Heap before GC invocations=85 (full 2):
 def new generation   total 11008K, used 10332K [0x23af0000, 0x246e0000, 0x29040000)
  eden space 9792K, 100% used [0x23af0000, 0x24480000, 0x24480000)
  from space 1216K,  44% used [0x245b0000, 0x246371c0, 0x246e0000)
  to   space 1216K,   0% used [0x24480000, 0x24480000, 0x245b0000)
 tenured generation   total 24340K, used 22436K [0x29040000, 0x2a805000, 0x33af0000)
   the space 24340K,  92% used [0x29040000, 0x2a629368, 0x2a629400, 0x2a805000)
 compacting perm gen  total 12288K, used 3296K [0x33af0000, 0x346f0000, 0x37af0000)
   the space 12288K,  26% used [0x33af0000, 0x33e283b0, 0x33e28400, 0x346f0000)
    ro space 10240K,  42% used [0x37af0000, 0x37f31c28, 0x37f31e00, 0x384f0000)
    rw space 12288K,  54% used [0x384f0000, 0x38b72938, 0x38b72a00, 0x390f0000)
Event: 188.284 GC heap after
Heap after GC invocations=86 (full 2):
 def new generation   total 11008K, used 540K [0x23af0000, 0x246e0000, 0x29040000)
  eden space 9792K,   0% used [0x23af0000, 0x23af0000, 0x24480000)
  from space 1216K,  44% used [0x24480000, 0x245071c0, 0x245b0000)
  to   space 1216K,   0% used [0x245b0000, 0x245b0000, 0x246e0000)
 tenured generation   total 24340K, used 22436K [0x29040000, 0x2a805000, 0x33af0000)
   the space 24340K,  92% used [0x29040000, 0x2a629368, 0x2a629400, 0x2a805000)
 compacting perm gen  total 12288K, used 3296K [0x33af0000, 0x346f0000, 0x37af0000)
   the space 12288K,  26% used [0x33af0000, 0x33e283b0, 0x33e28400, 0x346f0000)
    ro space 10240K,  42% used [0x37af0000, 0x37f31c28, 0x37f31e00, 0x384f0000)
    rw space 12288K,  54% used [0x384f0000, 0x38b72938, 0x38b72a00, 0x390f0000)
}
Event: 190.663 GC heap before
{Heap before GC invocations=86 (full 2):
 def new generation   total 11008K, used 10332K [0x23af0000, 0x246e0000, 0x29040000)
  eden space 9792K, 100% used [0x23af0000, 0x24480000, 0x24480000)
  from space 1216K,  44% used [0x24480000, 0x245071f0, 0x245b0000)
  to   space 1216K,   0% used [0x245b0000, 0x245b0000, 0x246e0000)
 tenured generation   total 24340K, used 22436K [0x29040000, 0x2a805000, 0x33af0000)
   the space 24340K,  92% used [0x29040000, 0x2a629368, 0x2a629400, 0x2a805000)
 compacting perm gen  total 12288K, used 3296K [0x33af0000, 0x346f0000, 0x37af0000)
   the space 12288K,  26% used [0x33af0000, 0x33e283b0, 0x33e28400, 0x346f0000)
    ro space 10240K,  42% used [0x37af0000, 0x37f31c28, 0x37f31e00, 0x384f0000)
    rw space 12288K,  54% used [0x384f0000, 0x38b72938, 0x38b72a00, 0x390f0000)
Event: 190.665 GC heap after
Heap after GC invocations=87 (full 2):
 def new generation   total 11008K, used 540K [0x23af0000, 0x246e0000, 0x29040000)
  eden space 9792K,   0% used [0x23af0000, 0x23af0000, 0x24480000)
  from space 1216K,  44% used [0x245b0000, 0x24637300, 0x246e0000)
  to   space 1216K,   0% used [0x24480000, 0x24480000, 0x245b0000)
 tenured generation   total 24340K, used 22436K [0x29040000, 0x2a805000, 0x33af0000)
   the space 24340K,  92% used [0x29040000, 0x2a629368, 0x2a629400, 0x2a805000)
 compacting perm gen  total 12288K, used 3296K [0x33af0000, 0x346f0000, 0x37af0000)
   the space 12288K,  26% used [0x33af0000, 0x33e283b0, 0x33e28400, 0x346f0000)
    ro space 10240K,  42% used [0x37af0000, 0x37f31c28, 0x37f31e00, 0x384f0000)
    rw space 12288K,  54% used [0x384f0000, 0x38b72938, 0x38b72a00, 0x390f0000)
}
Event: 193.071 GC heap before
{Heap before GC invocations=87 (full 2):
 def new generation   total 11008K, used 10332K [0x23af0000, 0x246e0000, 0x29040000)
  eden space 9792K, 100% used [0x23af0000, 0x24480000, 0x24480000)
  from space 1216K,  44% used [0x245b0000, 0x24637300, 0x246e0000)
  to   space 1216K,   0% used [0x24480000, 0x24480000, 0x245b0000)
 tenured generation   total 24340K, used 22436K [0x29040000, 0x2a805000, 0x33af0000)
   the space 24340K,  92% used [0x29040000, 0x2a629368, 0x2a629400, 0x2a805000)
 compacting perm gen  total 12288K, used 3296K [0x33af0000, 0x346f0000, 0x37af0000)
   the space 12288K,  26% used [0x33af0000, 0x33e283b0, 0x33e28400, 0x346f0000)
    ro space 10240K,  42% used [0x37af0000, 0x37f31c28, 0x37f31e00, 0x384f0000)
    rw space 12288K,  54% used [0x384f0000, 0x38b72938, 0x38b72a00, 0x390f0000)
Event: 193.073 GC heap after
Heap after GC invocations=88 (full 2):
 def new generation   total 11008K, used 539K [0x23af0000, 0x246e0000, 0x29040000)
  eden space 9792K,   0% used [0x23af0000, 0x23af0000, 0x24480000)
  from space 1216K,  44% used [0x24480000, 0x24506e00, 0x245b0000)
  to   space 1216K,   0% used [0x245b0000, 0x245b0000, 0x246e0000)
 tenured generation   total 24340K, used 22436K [0x29040000, 0x2a805000, 0x33af0000)
   the space 24340K,  92% used [0x29040000, 0x2a629368, 0x2a629400, 0x2a805000)
 compacting perm gen  total 12288K, used 3296K [0x33af0000, 0x346f0000, 0x37af0000)
   the space 12288K,  26% used [0x33af0000, 0x33e283b0, 0x33e28400, 0x346f0000)
    ro space 10240K,  42% used [0x37af0000, 0x37f31c28, 0x37f31e00, 0x384f0000)
    rw space 12288K,  54% used [0x384f0000, 0x38b72938, 0x38b72a00, 0x390f0000)
}
Event: 195.506 GC heap before
{Heap before GC invocations=88 (full 2):
 def new generation   total 11008K, used 10330K [0x23af0000, 0x246e0000, 0x29040000)
  eden space 9792K,  99% used [0x23af0000, 0x2447fdd8, 0x24480000)
  from space 1216K,  44% used [0x24480000, 0x24506e00, 0x245b0000)
  to   space 1216K,   0% used [0x245b0000, 0x245b0000, 0x246e0000)
 tenured generation   total 24340K, used 22436K [0x29040000, 0x2a805000, 0x33af0000)
   the space 24340K,  92% used [0x29040000, 0x2a629368, 0x2a629400, 0x2a805000)
 compacting perm gen  total 12288K, used 3296K [0x33af0000, 0x346f0000, 0x37af0000)
   the space 12288K,  26% used [0x33af0000, 0x33e283b0, 0x33e28400, 0x346f0000)
    ro space 10240K,  42% used [0x37af0000, 0x37f31c28, 0x37f31e00, 0x384f0000)
    rw space 12288K,  54% used [0x384f0000, 0x38b72938, 0x38b72a00, 0x390f0000)
Event: 195.509 GC heap after
Heap after GC invocations=89 (full 2):
 def new generation   total 11008K, used 694K [0x23af0000, 0x246e0000, 0x29040000)
  eden space 9792K,   0% used [0x23af0000, 0x23af0000, 0x24480000)
  from space 1216K,  57% used [0x245b0000, 0x2465d840, 0x246e0000)
  to   space 1216K,   0% used [0x24480000, 0x24480000, 0x245b0000)
 tenured generation   total 24340K, used 22436K [0x29040000, 0x2a805000, 0x33af0000)
   the space 24340K,  92% used [0x29040000, 0x2a629368, 0x2a629400, 0x2a805000)
 compacting perm gen  total 12288K, used 3296K [0x33af0000, 0x346f0000, 0x37af0000)
   the space 12288K,  26% used [0x33af0000, 0x33e283b0, 0x33e28400, 0x346f0000)
    ro space 10240K,  42% used [0x37af0000, 0x37f31c28, 0x37f31e00, 0x384f0000)
    rw space 12288K,  54% used [0x384f0000, 0x38b72938, 0x38b72a00, 0x390f0000)
}

