# JRE version: 7.0_15-b03
# Java VM: Java HotSpot(TM) Client VM (23.7-b01 mixed mode, sharing windows-x86 )
Heap
 def new generation   total 15936K, used 6486K [0x23af0000, 0x24c30000, 0x29040000)
  eden space 14208K,  45% used [0x23af0000, 0x24145b08, 0x248d0000)
  from space 1728K,   0% used [0x248d0000, 0x248d0000, 0x24a80000)
  to   space 1728K,   0% used [0x24a80000, 0x24a80000, 0x24c30000)
 tenured generation   total 35296K, used 21176K [0x29040000, 0x2b2b8000, 0x33af0000)
   the space 35296K,  59% used [0x29040000, 0x2a4ee2c8, 0x2a4ee400, 0x2b2b8000)
 compacting perm gen  total 12288K, used 3433K [0x33af0000, 0x346f0000, 0x37af0000)
   the space 12288K,  27% used [0x33af0000, 0x33e4a4e0, 0x33e4a600, 0x346f0000)
    ro space 10240K,  42% used [0x37af0000, 0x37f31c28, 0x37f31e00, 0x384f0000)
    rw space 12288K,  54% used [0x384f0000, 0x38b72938, 0x38b72a00, 0x390f0000)
GC Heap History (10 events):
Event: 1536.337 GC heap before
{Heap before GC invocations=615 (full 1):
 def new generation   total 11712K, used 11002K [0x23af0000, 0x247a0000, 0x29040000)
  eden space 10432K, 100% used [0x23af0000, 0x24520000, 0x24520000)
  from space 1280K,  44% used [0x24660000, 0x246ee960, 0x247a0000)
  to   space 1280K,   0% used [0x24520000, 0x24520000, 0x24660000)
 tenured generation   total 25988K, used 25846K [0x29040000, 0x2a9a1000, 0x33af0000)
   the space 25988K,  99% used [0x29040000, 0x2a97dbc0, 0x2a97dc00, 0x2a9a1000)
 compacting perm gen  total 12288K, used 3421K [0x33af0000, 0x346f0000, 0x37af0000)
   the space 12288K,  27% used [0x33af0000, 0x33e47650, 0x33e47800, 0x346f0000)
    ro space 10240K,  42% used [0x37af0000, 0x37f31c28, 0x37f31e00, 0x384f0000)
    rw space 12288K,  54% used [0x384f0000, 0x38b72938, 0x38b72a00, 0x390f0000)
Event: 1536.339 GC heap after
Heap after GC invocations=616 (full 1):
 def new generation   total 11712K, used 573K [0x23af0000, 0x247a0000, 0x29040000)
  eden space 10432K,   0% used [0x23af0000, 0x23af0000, 0x24520000)
  from space 1280K,  44% used [0x24520000, 0x245af508, 0x24660000)
  to   space 1280K,   0% used [0x24660000, 0x24660000, 0x247a0000)
 tenured generation   total 25988K, used 25846K [0x29040000, 0x2a9a1000, 0x33af0000)
   the space 25988K,  99% used [0x29040000, 0x2a97dbc0, 0x2a97dc00, 0x2a9a1000)
 compacting perm gen  total 12288K, used 3421K [0x33af0000, 0x346f0000, 0x37af0000)
   the space 12288K,  27% used [0x33af0000, 0x33e47650, 0x33e47800, 0x346f0000)
    ro space 10240K,  42% used [0x37af0000, 0x37f31c28, 0x37f31e00, 0x384f0000)
    rw space 12288K,  54% used [0x384f0000, 0x38b72938, 0x38b72a00, 0x390f0000)
}
Event: 1536.340 GC heap before
{Heap before GC invocations=616 (full 1):
 def new generation   total 11712K, used 575K [0x23af0000, 0x247a0000, 0x29040000)
  eden space 10432K,   0% used [0x23af0000, 0x23af0818, 0x24520000)
  from space 1280K,  44% used [0x24520000, 0x245af508, 0x24660000)
  to   space 1280K,   0% used [0x24660000, 0x24660000, 0x247a0000)
 tenured generation   total 25988K, used 25846K [0x29040000, 0x2a9a1000, 0x33af0000)
   the space 25988K,  99% used [0x29040000, 0x2a97dbc0, 0x2a97dc00, 0x2a9a1000)
 compacting perm gen  total 12288K, used 3421K [0x33af0000, 0x346f0000, 0x37af0000)
   the space 12288K,  27% used [0x33af0000, 0x33e47650, 0x33e47800, 0x346f0000)
    ro space 10240K,  42% used [0x37af0000, 0x37f31c28, 0x37f31e00, 0x384f0000)
    rw space 12288K,  54% used [0x384f0000, 0x38b72938, 0x38b72a00, 0x390f0000)
Event: 1536.342 GC heap after
Heap after GC invocations=617 (full 1):
 def new generation   total 11712K, used 573K [0x23af0000, 0x247a0000, 0x29040000)
  eden space 10432K,   0% used [0x23af0000, 0x23af0000, 0x24520000)
  from space 1280K,  44% used [0x24660000, 0x246ef530, 0x247a0000)
  to   space 1280K,   0% used [0x24520000, 0x24520000, 0x24660000)
 tenured generation   total 25988K, used 25846K [0x29040000, 0x2a9a1000, 0x33af0000)
   the space 25988K,  99% used [0x29040000, 0x2a97dbc0, 0x2a97dc00, 0x2a9a1000)
 compacting perm gen  total 12288K, used 3421K [0x33af0000, 0x346f0000, 0x37af0000)
   the space 12288K,  27% used [0x33af0000, 0x33e47650, 0x33e47800, 0x346f0000)
    ro space 10240K,  42% used [0x37af0000, 0x37f31c28, 0x37f31e00, 0x384f0000)
    rw space 12288K,  54% used [0x384f0000, 0x38b72938, 0x38b72a00, 0x390f0000)
}
Event: 1538.922 GC heap before
{Heap before GC invocations=617 (full 1):
 def new generation   total 11712K, used 11006K [0x23af0000, 0x247a0000, 0x29040000)
  eden space 10432K, 100% used [0x23af0000, 0x24520000, 0x24520000)
  from space 1280K,  44% used [0x24660000, 0x246ef810, 0x247a0000)
  to   space 1280K,   0% used [0x24520000, 0x24520000, 0x24660000)
 tenured generation   total 25988K, used 25846K [0x29040000, 0x2a9a1000, 0x33af0000)
   the space 25988K,  99% used [0x29040000, 0x2a97dbc0, 0x2a97dc00, 0x2a9a1000)
 compacting perm gen  total 12288K, used 3421K [0x33af0000, 0x346f0000, 0x37af0000)
   the space 12288K,  27% used [0x33af0000, 0x33e47650, 0x33e47800, 0x346f0000)
    ro space 10240K,  42% used [0x37af0000, 0x37f31c28, 0x37f31e00, 0x384f0000)
    rw space 12288K,  54% used [0x384f0000, 0x38b72938, 0x38b72a00, 0x390f0000)
Event: 1538.925 GC heap after
Heap after GC invocations=618 (full 1):
 def new generation   total 11712K, used 575K [0x23af0000, 0x247a0000, 0x29040000)
  eden space 10432K,   0% used [0x23af0000, 0x23af0000, 0x24520000)
  from space 1280K,  44% used [0x24520000, 0x245afc08, 0x24660000)
  to   space 1280K,   0% used [0x24660000, 0x24660000, 0x247a0000)
 tenured generation   total 25988K, used 25846K [0x29040000, 0x2a9a1000, 0x33af0000)
   the space 25988K,  99% used [0x29040000, 0x2a97dbc0, 0x2a97dc00, 0x2a9a1000)
 compacting perm gen  total 12288K, used 3421K [0x33af0000, 0x346f0000, 0x37af0000)
   the space 12288K,  27% used [0x33af0000, 0x33e47650, 0x33e47800, 0x346f0000)
    ro space 10240K,  42% used [0x37af0000, 0x37f31c28, 0x37f31e00, 0x384f0000)
    rw space 12288K,  54% used [0x384f0000, 0x38b72938, 0x38b72a00, 0x390f0000)
}
Event: 1541.266 GC heap before
{Heap before GC invocations=618 (full 1):
 def new generation   total 11712K, used 11007K [0x23af0000, 0x247a0000, 0x29040000)
  eden space 10432K, 100% used [0x23af0000, 0x24520000, 0x24520000)
  from space 1280K,  44% used [0x24520000, 0x245afc08, 0x24660000)
  to   space 1280K,   0% used [0x24660000, 0x24660000, 0x247a0000)
 tenured generation   total 25988K, used 25846K [0x29040000, 0x2a9a1000, 0x33af0000)
   the space 25988K,  99% used [0x29040000, 0x2a97dbc0, 0x2a97dc00, 0x2a9a1000)
 compacting perm gen  total 12288K, used 3421K [0x33af0000, 0x346f0000, 0x37af0000)
   the space 12288K,  27% used [0x33af0000, 0x33e47650, 0x33e47800, 0x346f0000)
    ro space 10240K,  42% used [0x37af0000, 0x37f31c28, 0x37f31e00, 0x384f0000)
    rw space 12288K,  54% used [0x384f0000, 0x38b72938, 0x38b72a00, 0x390f0000)
Event: 1541.270 GC heap after
Heap after GC invocations=619 (full 1):
 def new generation   total 11712K, used 691K [0x23af0000, 0x247a0000, 0x29040000)
  eden space 10432K,   0% used [0x23af0000, 0x23af0000, 0x24520000)
  from space 1280K,  53% used [0x24660000, 0x2470cc80, 0x247a0000)
  to   space 1280K,   0% used [0x24520000, 0x24520000, 0x24660000)
 tenured generation   total 25988K, used 25846K [0x29040000, 0x2a9a1000, 0x33af0000)
   the space 25988K,  99% used [0x29040000, 0x2a97dbc0, 0x2a97dc00, 0x2a9a1000)
 compacting perm gen  total 12288K, used 3421K [0x33af0000, 0x346f0000, 0x37af0000)
   the space 12288K,  27% used [0x33af0000, 0x33e47650, 0x33e47800, 0x346f0000)
    ro space 10240K,  42% used [0x37af0000, 0x37f31c28, 0x37f31e00, 0x384f0000)
    rw space 12288K,  54% used [0x384f0000, 0x38b72938, 0x38b72a00, 0x390f0000)
}
Event: 1543.746 GC heap before
{Heap before GC invocations=619 (full 1):
 def new generation   total 11712K, used 11123K [0x23af0000, 0x247a0000, 0x29040000)
  eden space 10432K, 100% used [0x23af0000, 0x24520000, 0x24520000)
  from space 1280K,  53% used [0x24660000, 0x2470cc80, 0x247a0000)
  to   space 1280K,   0% used [0x24520000, 0x24520000, 0x24660000)
 tenured generation   total 25988K, used 25846K [0x29040000, 0x2a9a1000, 0x33af0000)
   the space 25988K,  99% used [0x29040000, 0x2a97dbc0, 0x2a97dc00, 0x2a9a1000)
 compacting perm gen  total 12288K, used 3421K [0x33af0000, 0x346f0000, 0x37af0000)
   the space 12288K,  27% used [0x33af0000, 0x33e47650, 0x33e47800, 0x346f0000)
    ro space 10240K,  42% used [0x37af0000, 0x37f31c28, 0x37f31e00, 0x384f0000)
    rw space 12288K,  54% used [0x384f0000, 0x38b72938, 0x38b72a00, 0x390f0000)
Event: 1543.856 GC heap after
Heap after GC invocations=620 (full 2):
 def new generation   total 15936K, used 0K [0x23af0000, 0x24c30000, 0x29040000)
  eden space 14208K,   0% used [0x23af0000, 0x23af0000, 0x248d0000)
  from space 1728K,   0% used [0x248d0000, 0x248d0000, 0x24a80000)
  to   space 1728K,   0% used [0x24a80000, 0x24a80000, 0x24c30000)
 tenured generation   total 35296K, used 21176K [0x29040000, 0x2b2b8000, 0x33af0000)
   the space 35296K,  59% used [0x29040000, 0x2a4ee2c8, 0x2a4ee400, 0x2b2b8000)
 compacting perm gen  total 12288K, used 3421K [0x33af0000, 0x346f0000, 0x37af0000)
   the space 12288K,  27% used [0x33af0000, 0x33e47650, 0x33e47800, 0x346f0000)
    ro space 10240K,  42% used [0x37af0000, 0x37f31c28, 0x37f31e00, 0x384f0000)
    rw space 12288K,  54% used [0x384f0000, 0x38b72938, 0x38b72a00, 0x390f0000)
}

