# JRE version: 7.0_15-b03
# Java VM: Java HotSpot(TM) Client VM (23.7-b01 mixed mode, sharing windows-x86 )
Heap
 def new generation   total 12224K, used 2586K [0x23af0000, 0x24830000, 0x29040000)
  eden space 10880K,  22% used [0x23af0000, 0x23d4c288, 0x24590000)
  from space 1344K,  12% used [0x24590000, 0x245ba960, 0x246e0000)
  to   space 1344K,   0% used [0x246e0000, 0x246e0000, 0x24830000)
 tenured generation   total 27100K, used 20143K [0x29040000, 0x2aab7000, 0x33af0000)
   the space 27100K,  74% used [0x29040000, 0x2a3ebc08, 0x2a3ebe00, 0x2aab7000)
 compacting perm gen  total 12288K, used 3319K [0x33af0000, 0x346f0000, 0x37af0000)
   the space 12288K,  27% used [0x33af0000, 0x33e2df38, 0x33e2e000, 0x346f0000)
    ro space 10240K,  42% used [0x37af0000, 0x37f31c28, 0x37f31e00, 0x384f0000)
    rw space 12288K,  54% used [0x384f0000, 0x38b72938, 0x38b72a00, 0x390f0000)
GC Heap History (10 events):
Event: 180.254 GC heap before
{Heap before GC invocations=34 (full 3):
 def new generation   total 12224K, used 11345K [0x23af0000, 0x24830000, 0x29040000)
  eden space 10880K, 100% used [0x23af0000, 0x24590000, 0x24590000)
  from space 1344K,  34% used [0x246e0000, 0x24754498, 0x24830000)
  to   space 1344K,   0% used [0x24590000, 0x24590000, 0x246e0000)
 tenured generation   total 27100K, used 19949K [0x29040000, 0x2aab7000, 0x33af0000)
   the space 27100K,  73% used [0x29040000, 0x2a3bb440, 0x2a3bb600, 0x2aab7000)
 compacting perm gen  total 12288K, used 3305K [0x33af0000, 0x346f0000, 0x37af0000)
   the space 12288K,  26% used [0x33af0000, 0x33e2a588, 0x33e2a600, 0x346f0000)
    ro space 10240K,  42% used [0x37af0000, 0x37f31c28, 0x37f31e00, 0x384f0000)
    rw space 12288K,  54% used [0x384f0000, 0x38b72938, 0x38b72a00, 0x390f0000)
Event: 180.258 GC heap after
Heap after GC invocations=35 (full 3):
 def new generation   total 12224K, used 405K [0x23af0000, 0x24830000, 0x29040000)
  eden space 10880K,   0% used [0x23af0000, 0x23af0000, 0x24590000)
  from space 1344K,  30% used [0x24590000, 0x245f5408, 0x246e0000)
  to   space 1344K,   0% used [0x246e0000, 0x246e0000, 0x24830000)
 tenured generation   total 27100K, used 19949K [0x29040000, 0x2aab7000, 0x33af0000)
   the space 27100K,  73% used [0x29040000, 0x2a3bb440, 0x2a3bb600, 0x2aab7000)
 compacting perm gen  total 12288K, used 3305K [0x33af0000, 0x346f0000, 0x37af0000)
   the space 12288K,  26% used [0x33af0000, 0x33e2a588, 0x33e2a600, 0x346f0000)
    ro space 10240K,  42% used [0x37af0000, 0x37f31c28, 0x37f31e00, 0x384f0000)
    rw space 12288K,  54% used [0x384f0000, 0x38b72938, 0x38b72a00, 0x390f0000)
}
Event: 209.803 GC heap before
{Heap before GC invocations=35 (full 3):
 def new generation   total 12224K, used 11285K [0x23af0000, 0x24830000, 0x29040000)
  eden space 10880K, 100% used [0x23af0000, 0x24590000, 0x24590000)
  from space 1344K,  30% used [0x24590000, 0x245f5408, 0x246e0000)
  to   space 1344K,   0% used [0x246e0000, 0x246e0000, 0x24830000)
 tenured generation   total 27100K, used 19949K [0x29040000, 0x2aab7000, 0x33af0000)
   the space 27100K,  73% used [0x29040000, 0x2a3bb440, 0x2a3bb600, 0x2aab7000)
 compacting perm gen  total 12288K, used 3305K [0x33af0000, 0x346f0000, 0x37af0000)
   the space 12288K,  26% used [0x33af0000, 0x33e2a5e8, 0x33e2a600, 0x346f0000)
    ro space 10240K,  42% used [0x37af0000, 0x37f31c28, 0x37f31e00, 0x384f0000)
    rw space 12288K,  54% used [0x384f0000, 0x38b72938, 0x38b72a00, 0x390f0000)
Event: 209.808 GC heap after
Heap after GC invocations=36 (full 3):
 def new generation   total 12224K, used 467K [0x23af0000, 0x24830000, 0x29040000)
  eden space 10880K,   0% used [0x23af0000, 0x23af0000, 0x24590000)
  from space 1344K,  34% used [0x246e0000, 0x24754de8, 0x24830000)
  to   space 1344K,   0% used [0x24590000, 0x24590000, 0x246e0000)
 tenured generation   total 27100K, used 19949K [0x29040000, 0x2aab7000, 0x33af0000)
   the space 27100K,  73% used [0x29040000, 0x2a3bb440, 0x2a3bb600, 0x2aab7000)
 compacting perm gen  total 12288K, used 3305K [0x33af0000, 0x346f0000, 0x37af0000)
   the space 12288K,  26% used [0x33af0000, 0x33e2a5e8, 0x33e2a600, 0x346f0000)
    ro space 10240K,  42% used [0x37af0000, 0x37f31c28, 0x37f31e00, 0x384f0000)
    rw space 12288K,  54% used [0x384f0000, 0x38b72938, 0x38b72a00, 0x390f0000)
}
Event: 271.893 GC heap before
{Heap before GC invocations=36 (full 3):
 def new generation   total 12224K, used 11310K [0x23af0000, 0x24830000, 0x29040000)
  eden space 10880K,  99% used [0x23af0000, 0x24586a18, 0x24590000)
  from space 1344K,  34% used [0x246e0000, 0x24754de8, 0x24830000)
  to   space 1344K,   0% used [0x24590000, 0x24590000, 0x246e0000)
 tenured generation   total 27100K, used 19949K [0x29040000, 0x2aab7000, 0x33af0000)
   the space 27100K,  73% used [0x29040000, 0x2a3bb440, 0x2a3bb600, 0x2aab7000)
 compacting perm gen  total 12288K, used 3314K [0x33af0000, 0x346f0000, 0x37af0000)
   the space 12288K,  26% used [0x33af0000, 0x33e2c9b8, 0x33e2ca00, 0x346f0000)
    ro space 10240K,  42% used [0x37af0000, 0x37f31c28, 0x37f31e00, 0x384f0000)
    rw space 12288K,  54% used [0x384f0000, 0x38b72938, 0x38b72a00, 0x390f0000)
Event: 271.899 GC heap after
Heap after GC invocations=37 (full 3):
 def new generation   total 12224K, used 838K [0x23af0000, 0x24830000, 0x29040000)
  eden space 10880K,   0% used [0x23af0000, 0x23af0000, 0x24590000)
  from space 1344K,  62% used [0x24590000, 0x246618b8, 0x246e0000)
  to   space 1344K,   0% used [0x246e0000, 0x246e0000, 0x24830000)
 tenured generation   total 27100K, used 19949K [0x29040000, 0x2aab7000, 0x33af0000)
   the space 27100K,  73% used [0x29040000, 0x2a3bb440, 0x2a3bb600, 0x2aab7000)
 compacting perm gen  total 12288K, used 3314K [0x33af0000, 0x346f0000, 0x37af0000)
   the space 12288K,  26% used [0x33af0000, 0x33e2c9b8, 0x33e2ca00, 0x346f0000)
    ro space 10240K,  42% used [0x37af0000, 0x37f31c28, 0x37f31e00, 0x384f0000)
    rw space 12288K,  54% used [0x384f0000, 0x38b72938, 0x38b72a00, 0x390f0000)
}
Event: 434.815 GC heap before
{Heap before GC invocations=37 (full 3):
 def new generation   total 12224K, used 11718K [0x23af0000, 0x24830000, 0x29040000)
  eden space 10880K, 100% used [0x23af0000, 0x24590000, 0x24590000)
  from space 1344K,  62% used [0x24590000, 0x246618b8, 0x246e0000)
  to   space 1344K,   0% used [0x246e0000, 0x246e0000, 0x24830000)
 tenured generation   total 27100K, used 19949K [0x29040000, 0x2aab7000, 0x33af0000)
   the space 27100K,  73% used [0x29040000, 0x2a3bb440, 0x2a3bb600, 0x2aab7000)
 compacting perm gen  total 12288K, used 3319K [0x33af0000, 0x346f0000, 0x37af0000)
   the space 12288K,  27% used [0x33af0000, 0x33e2df28, 0x33e2e000, 0x346f0000)
    ro space 10240K,  42% used [0x37af0000, 0x37f31c28, 0x37f31e00, 0x384f0000)
    rw space 12288K,  54% used [0x384f0000, 0x38b72938, 0x38b72a00, 0x390f0000)
Event: 434.820 GC heap after
Heap after GC invocations=38 (full 3):
 def new generation   total 12224K, used 180K [0x23af0000, 0x24830000, 0x29040000)
  eden space 10880K,   0% used [0x23af0000, 0x23af0000, 0x24590000)
  from space 1344K,  13% used [0x246e0000, 0x2470d378, 0x24830000)
  to   space 1344K,   0% used [0x24590000, 0x24590000, 0x246e0000)
 tenured generation   total 27100K, used 20143K [0x29040000, 0x2aab7000, 0x33af0000)
   the space 27100K,  74% used [0x29040000, 0x2a3ebc08, 0x2a3ebe00, 0x2aab7000)
 compacting perm gen  total 12288K, used 3319K [0x33af0000, 0x346f0000, 0x37af0000)
   the space 12288K,  27% used [0x33af0000, 0x33e2df28, 0x33e2e000, 0x346f0000)
    ro space 10240K,  42% used [0x37af0000, 0x37f31c28, 0x37f31e00, 0x384f0000)
    rw space 12288K,  54% used [0x384f0000, 0x38b72938, 0x38b72a00, 0x390f0000)
}
Event: 601.224 GC heap before
{Heap before GC invocations=38 (full 3):
 def new generation   total 12224K, used 11060K [0x23af0000, 0x24830000, 0x29040000)
  eden space 10880K, 100% used [0x23af0000, 0x24590000, 0x24590000)
  from space 1344K,  13% used [0x246e0000, 0x2470d378, 0x24830000)
  to   space 1344K,   0% used [0x24590000, 0x24590000, 0x246e0000)
 tenured generation   total 27100K, used 20143K [0x29040000, 0x2aab7000, 0x33af0000)
   the space 27100K,  74% used [0x29040000, 0x2a3ebc08, 0x2a3ebe00, 0x2aab7000)
 compacting perm gen  total 12288K, used 3319K [0x33af0000, 0x346f0000, 0x37af0000)
   the space 12288K,  27% used [0x33af0000, 0x33e2df38, 0x33e2e000, 0x346f0000)
    ro space 10240K,  42% used [0x37af0000, 0x37f31c28, 0x37f31e00, 0x384f0000)
    rw space 12288K,  54% used [0x384f0000, 0x38b72938, 0x38b72a00, 0x390f0000)
Event: 601.228 GC heap after
Heap after GC invocations=39 (full 3):
 def new generation   total 12224K, used 170K [0x23af0000, 0x24830000, 0x29040000)
  eden space 10880K,   0% used [0x23af0000, 0x23af0000, 0x24590000)
  from space 1344K,  12% used [0x24590000, 0x245ba960, 0x246e0000)
  to   space 1344K,   0% used [0x246e0000, 0x246e0000, 0x24830000)
 tenured generation   total 27100K, used 20143K [0x29040000, 0x2aab7000, 0x33af0000)
   the space 27100K,  74% used [0x29040000, 0x2a3ebc08, 0x2a3ebe00, 0x2aab7000)
 compacting perm gen  total 12288K, used 3319K [0x33af0000, 0x346f0000, 0x37af0000)
   the space 12288K,  27% used [0x33af0000, 0x33e2df38, 0x33e2e000, 0x346f0000)
    ro space 10240K,  42% used [0x37af0000, 0x37f31c28, 0x37f31e00, 0x384f0000)
    rw space 12288K,  54% used [0x384f0000, 0x38b72938, 0x38b72a00, 0x390f0000)
}

