# JRE version: 7.0_15-b03
# Java VM: Java HotSpot(TM) Client VM (23.7-b01 mixed mode, sharing windows-x86 )
Heap
 def new generation   total 17664K, used 2232K [0x23af0000, 0x24e10000, 0x29040000)
  eden space 15744K,  11% used [0x23af0000, 0x23cbf470, 0x24a50000)
  from space 1920K,  19% used [0x24c30000, 0x24c8eba8, 0x24e10000)
  to   space 1920K,   0% used [0x24a50000, 0x24a50000, 0x24c30000)
 tenured generation   total 39076K, used 23445K [0x29040000, 0x2b669000, 0x33af0000)
   the space 39076K,  59% used [0x29040000, 0x2a725580, 0x2a725600, 0x2b669000)
 compacting perm gen  total 12288K, used 3481K [0x33af0000, 0x346f0000, 0x37af0000)
   the space 12288K,  28% used [0x33af0000, 0x33e56598, 0x33e56600, 0x346f0000)
    ro space 10240K,  42% used [0x37af0000, 0x37f31c28, 0x37f31e00, 0x384f0000)
    rw space 12288K,  54% used [0x384f0000, 0x38b72938, 0x38b72a00, 0x390f0000)
GC Heap History (10 events):
Event: 1237.485 GC heap before
{Heap before GC invocations=55 (full 3):
 def new generation   total 17664K, used 16170K [0x23af0000, 0x24e10000, 0x29040000)
  eden space 15744K, 100% used [0x23af0000, 0x24a50000, 0x24a50000)
  from space 1920K,  22% used [0x24a50000, 0x24abab30, 0x24c30000)
  to   space 1920K,   0% used [0x24c30000, 0x24c30000, 0x24e10000)
 tenured generation   total 39076K, used 23445K [0x29040000, 0x2b669000, 0x33af0000)
   the space 39076K,  59% used [0x29040000, 0x2a725580, 0x2a725600, 0x2b669000)
 compacting perm gen  total 12288K, used 3470K [0x33af0000, 0x346f0000, 0x37af0000)
   the space 12288K,  28% used [0x33af0000, 0x33e53ad8, 0x33e53c00, 0x346f0000)
    ro space 10240K,  42% used [0x37af0000, 0x37f31c28, 0x37f31e00, 0x384f0000)
    rw space 12288K,  54% used [0x384f0000, 0x38b72938, 0x38b72a00, 0x390f0000)
Event: 1237.490 GC heap after
Heap after GC invocations=56 (full 3):
 def new generation   total 17664K, used 417K [0x23af0000, 0x24e10000, 0x29040000)
  eden space 15744K,   0% used [0x23af0000, 0x23af0000, 0x24a50000)
  from space 1920K,  21% used [0x24c30000, 0x24c98448, 0x24e10000)
  to   space 1920K,   0% used [0x24a50000, 0x24a50000, 0x24c30000)
 tenured generation   total 39076K, used 23445K [0x29040000, 0x2b669000, 0x33af0000)
   the space 39076K,  59% used [0x29040000, 0x2a725580, 0x2a725600, 0x2b669000)
 compacting perm gen  total 12288K, used 3470K [0x33af0000, 0x346f0000, 0x37af0000)
   the space 12288K,  28% used [0x33af0000, 0x33e53ad8, 0x33e53c00, 0x346f0000)
    ro space 10240K,  42% used [0x37af0000, 0x37f31c28, 0x37f31e00, 0x384f0000)
    rw space 12288K,  54% used [0x384f0000, 0x38b72938, 0x38b72a00, 0x390f0000)
}
Event: 1335.241 GC heap before
{Heap before GC invocations=56 (full 3):
 def new generation   total 17664K, used 16161K [0x23af0000, 0x24e10000, 0x29040000)
  eden space 15744K, 100% used [0x23af0000, 0x24a50000, 0x24a50000)
  from space 1920K,  21% used [0x24c30000, 0x24c98448, 0x24e10000)
  to   space 1920K,   0% used [0x24a50000, 0x24a50000, 0x24c30000)
 tenured generation   total 39076K, used 23445K [0x29040000, 0x2b669000, 0x33af0000)
   the space 39076K,  59% used [0x29040000, 0x2a725580, 0x2a725600, 0x2b669000)
 compacting perm gen  total 12288K, used 3470K [0x33af0000, 0x346f0000, 0x37af0000)
   the space 12288K,  28% used [0x33af0000, 0x33e53b18, 0x33e53c00, 0x346f0000)
    ro space 10240K,  42% used [0x37af0000, 0x37f31c28, 0x37f31e00, 0x384f0000)
    rw space 12288K,  54% used [0x384f0000, 0x38b72938, 0x38b72a00, 0x390f0000)
Event: 1335.246 GC heap after
Heap after GC invocations=57 (full 3):
 def new generation   total 17664K, used 433K [0x23af0000, 0x24e10000, 0x29040000)
  eden space 15744K,   0% used [0x23af0000, 0x23af0000, 0x24a50000)
  from space 1920K,  22% used [0x24a50000, 0x24abc698, 0x24c30000)
  to   space 1920K,   0% used [0x24c30000, 0x24c30000, 0x24e10000)
 tenured generation   total 39076K, used 23445K [0x29040000, 0x2b669000, 0x33af0000)
   the space 39076K,  59% used [0x29040000, 0x2a725580, 0x2a725600, 0x2b669000)
 compacting perm gen  total 12288K, used 3470K [0x33af0000, 0x346f0000, 0x37af0000)
   the space 12288K,  28% used [0x33af0000, 0x33e53b18, 0x33e53c00, 0x346f0000)
    ro space 10240K,  42% used [0x37af0000, 0x37f31c28, 0x37f31e00, 0x384f0000)
    rw space 12288K,  54% used [0x384f0000, 0x38b72938, 0x38b72a00, 0x390f0000)
}
Event: 1568.248 GC heap before
{Heap before GC invocations=57 (full 3):
 def new generation   total 17664K, used 16169K [0x23af0000, 0x24e10000, 0x29040000)
  eden space 15744K,  99% used [0x23af0000, 0x24a4e048, 0x24a50000)
  from space 1920K,  22% used [0x24a50000, 0x24abc698, 0x24c30000)
  to   space 1920K,   0% used [0x24c30000, 0x24c30000, 0x24e10000)
 tenured generation   total 39076K, used 23445K [0x29040000, 0x2b669000, 0x33af0000)
   the space 39076K,  59% used [0x29040000, 0x2a725580, 0x2a725600, 0x2b669000)
 compacting perm gen  total 12288K, used 3476K [0x33af0000, 0x346f0000, 0x37af0000)
   the space 12288K,  28% used [0x33af0000, 0x33e55058, 0x33e55200, 0x346f0000)
    ro space 10240K,  42% used [0x37af0000, 0x37f31c28, 0x37f31e00, 0x384f0000)
    rw space 12288K,  54% used [0x384f0000, 0x38b72938, 0x38b72a00, 0x390f0000)
Event: 1568.252 GC heap after
Heap after GC invocations=58 (full 3):
 def new generation   total 17664K, used 338K [0x23af0000, 0x24e10000, 0x29040000)
  eden space 15744K,   0% used [0x23af0000, 0x23af0000, 0x24a50000)
  from space 1920K,  17% used [0x24c30000, 0x24c849f8, 0x24e10000)
  to   space 1920K,   0% used [0x24a50000, 0x24a50000, 0x24c30000)
 tenured generation   total 39076K, used 23445K [0x29040000, 0x2b669000, 0x33af0000)
   the space 39076K,  59% used [0x29040000, 0x2a725580, 0x2a725600, 0x2b669000)
 compacting perm gen  total 12288K, used 3476K [0x33af0000, 0x346f0000, 0x37af0000)
   the space 12288K,  28% used [0x33af0000, 0x33e55058, 0x33e55200, 0x346f0000)
    ro space 10240K,  42% used [0x37af0000, 0x37f31c28, 0x37f31e00, 0x384f0000)
    rw space 12288K,  54% used [0x384f0000, 0x38b72938, 0x38b72a00, 0x390f0000)
}
Event: 1806.081 GC heap before
{Heap before GC invocations=58 (full 3):
 def new generation   total 17664K, used 16082K [0x23af0000, 0x24e10000, 0x29040000)
  eden space 15744K, 100% used [0x23af0000, 0x24a50000, 0x24a50000)
  from space 1920K,  17% used [0x24c30000, 0x24c849f8, 0x24e10000)
  to   space 1920K,   0% used [0x24a50000, 0x24a50000, 0x24c30000)
 tenured generation   total 39076K, used 23445K [0x29040000, 0x2b669000, 0x33af0000)
   the space 39076K,  59% used [0x29040000, 0x2a725580, 0x2a725600, 0x2b669000)
 compacting perm gen  total 12288K, used 3476K [0x33af0000, 0x346f0000, 0x37af0000)
   the space 12288K,  28% used [0x33af0000, 0x33e55058, 0x33e55200, 0x346f0000)
    ro space 10240K,  42% used [0x37af0000, 0x37f31c28, 0x37f31e00, 0x384f0000)
    rw space 12288K,  54% used [0x384f0000, 0x38b72938, 0x38b72a00, 0x390f0000)
Event: 1806.085 GC heap after
Heap after GC invocations=59 (full 3):
 def new generation   total 17664K, used 318K [0x23af0000, 0x24e10000, 0x29040000)
  eden space 15744K,   0% used [0x23af0000, 0x23af0000, 0x24a50000)
  from space 1920K,  16% used [0x24a50000, 0x24a9fa20, 0x24c30000)
  to   space 1920K,   0% used [0x24c30000, 0x24c30000, 0x24e10000)
 tenured generation   total 39076K, used 23445K [0x29040000, 0x2b669000, 0x33af0000)
   the space 39076K,  59% used [0x29040000, 0x2a725580, 0x2a725600, 0x2b669000)
 compacting perm gen  total 12288K, used 3476K [0x33af0000, 0x346f0000, 0x37af0000)
   the space 12288K,  28% used [0x33af0000, 0x33e55058, 0x33e55200, 0x346f0000)
    ro space 10240K,  42% used [0x37af0000, 0x37f31c28, 0x37f31e00, 0x384f0000)
    rw space 12288K,  54% used [0x384f0000, 0x38b72938, 0x38b72a00, 0x390f0000)
}
Event: 2042.495 GC heap before
{Heap before GC invocations=59 (full 3):
 def new generation   total 17664K, used 16062K [0x23af0000, 0x24e10000, 0x29040000)
  eden space 15744K, 100% used [0x23af0000, 0x24a50000, 0x24a50000)
  from space 1920K,  16% used [0x24a50000, 0x24a9fa20, 0x24c30000)
  to   space 1920K,   0% used [0x24c30000, 0x24c30000, 0x24e10000)
 tenured generation   total 39076K, used 23445K [0x29040000, 0x2b669000, 0x33af0000)
   the space 39076K,  59% used [0x29040000, 0x2a725580, 0x2a725600, 0x2b669000)
 compacting perm gen  total 12288K, used 3481K [0x33af0000, 0x346f0000, 0x37af0000)
   the space 12288K,  28% used [0x33af0000, 0x33e56598, 0x33e56600, 0x346f0000)
    ro space 10240K,  42% used [0x37af0000, 0x37f31c28, 0x37f31e00, 0x384f0000)
    rw space 12288K,  54% used [0x384f0000, 0x38b72938, 0x38b72a00, 0x390f0000)
Event: 2042.499 GC heap after
Heap after GC invocations=60 (full 3):
 def new generation   total 17664K, used 378K [0x23af0000, 0x24e10000, 0x29040000)
  eden space 15744K,   0% used [0x23af0000, 0x23af0000, 0x24a50000)
  from space 1920K,  19% used [0x24c30000, 0x24c8eba8, 0x24e10000)
  to   space 1920K,   0% used [0x24a50000, 0x24a50000, 0x24c30000)
 tenured generation   total 39076K, used 23445K [0x29040000, 0x2b669000, 0x33af0000)
   the space 39076K,  59% used [0x29040000, 0x2a725580, 0x2a725600, 0x2b669000)
 compacting perm gen  total 12288K, used 3481K [0x33af0000, 0x346f0000, 0x37af0000)
   the space 12288K,  28% used [0x33af0000, 0x33e56598, 0x33e56600, 0x346f0000)
    ro space 10240K,  42% used [0x37af0000, 0x37f31c28, 0x37f31e00, 0x384f0000)
    rw space 12288K,  54% used [0x384f0000, 0x38b72938, 0x38b72a00, 0x390f0000)
}

