# JRE version: 7.0_15-b03
# Java VM: Java HotSpot(TM) Client VM (23.7-b01 mixed mode, sharing windows-x86 )
Heap
 def new generation   total 11008K, used 3938K [0x23af0000, 0x246e0000, 0x29040000)
  eden space 9792K,  33% used [0x23af0000, 0x23e20ed0, 0x24480000)
  from space 1216K,  55% used [0x24480000, 0x24527938, 0x245b0000)
  to   space 1216K,   0% used [0x245b0000, 0x245b0000, 0x246e0000)
 tenured generation   total 24332K, used 22365K [0x29040000, 0x2a803000, 0x33af0000)
   the space 24332K,  91% used [0x29040000, 0x2a6176d0, 0x2a617800, 0x2a803000)
 compacting perm gen  total 12288K, used 3318K [0x33af0000, 0x346f0000, 0x37af0000)
   the space 12288K,  27% used [0x33af0000, 0x33e2d998, 0x33e2da00, 0x346f0000)
    ro space 10240K,  42% used [0x37af0000, 0x37f31c28, 0x37f31e00, 0x384f0000)
    rw space 12288K,  54% used [0x384f0000, 0x38b72938, 0x38b72a00, 0x390f0000)
GC Heap History (10 events):
Event: 111.975 GC heap before
{Heap before GC invocations=56 (full 2):
 def new generation   total 11008K, used 10332K [0x23af0000, 0x246e0000, 0x29040000)
  eden space 9792K, 100% used [0x23af0000, 0x24480000, 0x24480000)
  from space 1216K,  44% used [0x245b0000, 0x246371e0, 0x246e0000)
  to   space 1216K,   0% used [0x24480000, 0x24480000, 0x245b0000)
 tenured generation   total 24332K, used 22365K [0x29040000, 0x2a803000, 0x33af0000)
   the space 24332K,  91% used [0x29040000, 0x2a6176b0, 0x2a617800, 0x2a803000)
 compacting perm gen  total 12288K, used 3318K [0x33af0000, 0x346f0000, 0x37af0000)
   the space 12288K,  27% used [0x33af0000, 0x33e2d988, 0x33e2da00, 0x346f0000)
    ro space 10240K,  42% used [0x37af0000, 0x37f31c28, 0x37f31e00, 0x384f0000)
    rw space 12288K,  54% used [0x384f0000, 0x38b72938, 0x38b72a00, 0x390f0000)
Event: 111.977 GC heap after
Heap after GC invocations=57 (full 2):
 def new generation   total 11008K, used 540K [0x23af0000, 0x246e0000, 0x29040000)
  eden space 9792K,   0% used [0x23af0000, 0x23af0000, 0x24480000)
  from space 1216K,  44% used [0x24480000, 0x245071e0, 0x245b0000)
  to   space 1216K,   0% used [0x245b0000, 0x245b0000, 0x246e0000)
 tenured generation   total 24332K, used 22365K [0x29040000, 0x2a803000, 0x33af0000)
   the space 24332K,  91% used [0x29040000, 0x2a6176b0, 0x2a617800, 0x2a803000)
 compacting perm gen  total 12288K, used 3318K [0x33af0000, 0x346f0000, 0x37af0000)
   the space 12288K,  27% used [0x33af0000, 0x33e2d988, 0x33e2da00, 0x346f0000)
    ro space 10240K,  42% used [0x37af0000, 0x37f31c28, 0x37f31e00, 0x384f0000)
    rw space 12288K,  54% used [0x384f0000, 0x38b72938, 0x38b72a00, 0x390f0000)
}
Event: 114.494 GC heap before
{Heap before GC invocations=57 (full 2):
 def new generation   total 11008K, used 10332K [0x23af0000, 0x246e0000, 0x29040000)
  eden space 9792K, 100% used [0x23af0000, 0x24480000, 0x24480000)
  from space 1216K,  44% used [0x24480000, 0x245071e0, 0x245b0000)
  to   space 1216K,   0% used [0x245b0000, 0x245b0000, 0x246e0000)
 tenured generation   total 24332K, used 22365K [0x29040000, 0x2a803000, 0x33af0000)
   the space 24332K,  91% used [0x29040000, 0x2a6176b0, 0x2a617800, 0x2a803000)
 compacting perm gen  total 12288K, used 3318K [0x33af0000, 0x346f0000, 0x37af0000)
   the space 12288K,  27% used [0x33af0000, 0x33e2d988, 0x33e2da00, 0x346f0000)
    ro space 10240K,  42% used [0x37af0000, 0x37f31c28, 0x37f31e00, 0x384f0000)
    rw space 12288K,  54% used [0x384f0000, 0x38b72938, 0x38b72a00, 0x390f0000)
Event: 114.496 GC heap after
Heap after GC invocations=58 (full 2):
 def new generation   total 11008K, used 489K [0x23af0000, 0x246e0000, 0x29040000)
  eden space 9792K,   0% used [0x23af0000, 0x23af0000, 0x24480000)
  from space 1216K,  40% used [0x245b0000, 0x2462a4d0, 0x246e0000)
  to   space 1216K,   0% used [0x24480000, 0x24480000, 0x245b0000)
 tenured generation   total 24332K, used 22365K [0x29040000, 0x2a803000, 0x33af0000)
   the space 24332K,  91% used [0x29040000, 0x2a6176d0, 0x2a617800, 0x2a803000)
 compacting perm gen  total 12288K, used 3318K [0x33af0000, 0x346f0000, 0x37af0000)
   the space 12288K,  27% used [0x33af0000, 0x33e2d988, 0x33e2da00, 0x346f0000)
    ro space 10240K,  42% used [0x37af0000, 0x37f31c28, 0x37f31e00, 0x384f0000)
    rw space 12288K,  54% used [0x384f0000, 0x38b72938, 0x38b72a00, 0x390f0000)
}
Event: 117.046 GC heap before
{Heap before GC invocations=58 (full 2):
 def new generation   total 11008K, used 9874K [0x23af0000, 0x246e0000, 0x29040000)
  eden space 9792K,  95% used [0x23af0000, 0x2441a628, 0x24480000)
  from space 1216K,  40% used [0x245b0000, 0x2462a4d0, 0x246e0000)
  to   space 1216K,   0% used [0x24480000, 0x24480000, 0x245b0000)
 tenured generation   total 24332K, used 22365K [0x29040000, 0x2a803000, 0x33af0000)
   the space 24332K,  91% used [0x29040000, 0x2a6176d0, 0x2a617800, 0x2a803000)
 compacting perm gen  total 12288K, used 3318K [0x33af0000, 0x346f0000, 0x37af0000)
   the space 12288K,  27% used [0x33af0000, 0x33e2d988, 0x33e2da00, 0x346f0000)
    ro space 10240K,  42% used [0x37af0000, 0x37f31c28, 0x37f31e00, 0x384f0000)
    rw space 12288K,  54% used [0x384f0000, 0x38b72938, 0x38b72a00, 0x390f0000)
Event: 117.047 GC heap after
Heap after GC invocations=59 (full 2):
 def new generation   total 11008K, used 50K [0x23af0000, 0x246e0000, 0x29040000)
  eden space 9792K,   0% used [0x23af0000, 0x23af0000, 0x24480000)
  from space 1216K,   4% used [0x24480000, 0x2448cbb0, 0x245b0000)
  to   space 1216K,   0% used [0x245b0000, 0x245b0000, 0x246e0000)
 tenured generation   total 24332K, used 22365K [0x29040000, 0x2a803000, 0x33af0000)
   the space 24332K,  91% used [0x29040000, 0x2a6176d0, 0x2a617800, 0x2a803000)
 compacting perm gen  total 12288K, used 3318K [0x33af0000, 0x346f0000, 0x37af0000)
   the space 12288K,  27% used [0x33af0000, 0x33e2d988, 0x33e2da00, 0x346f0000)
    ro space 10240K,  42% used [0x37af0000, 0x37f31c28, 0x37f31e00, 0x384f0000)
    rw space 12288K,  54% used [0x384f0000, 0x38b72938, 0x38b72a00, 0x390f0000)
}
Event: 119.512 GC heap before
{Heap before GC invocations=59 (full 2):
 def new generation   total 11008K, used 9842K [0x23af0000, 0x246e0000, 0x29040000)
  eden space 9792K, 100% used [0x23af0000, 0x24480000, 0x24480000)
  from space 1216K,   4% used [0x24480000, 0x2448cbb0, 0x245b0000)
  to   space 1216K,   0% used [0x245b0000, 0x245b0000, 0x246e0000)
 tenured generation   total 24332K, used 22365K [0x29040000, 0x2a803000, 0x33af0000)
   the space 24332K,  91% used [0x29040000, 0x2a6176d0, 0x2a617800, 0x2a803000)
 compacting perm gen  total 12288K, used 3318K [0x33af0000, 0x346f0000, 0x37af0000)
   the space 12288K,  27% used [0x33af0000, 0x33e2d988, 0x33e2da00, 0x346f0000)
    ro space 10240K,  42% used [0x37af0000, 0x37f31c28, 0x37f31e00, 0x384f0000)
    rw space 12288K,  54% used [0x384f0000, 0x38b72938, 0x38b72a00, 0x390f0000)
Event: 119.513 GC heap after
Heap after GC invocations=60 (full 2):
 def new generation   total 11008K, used 540K [0x23af0000, 0x246e0000, 0x29040000)
  eden space 9792K,   0% used [0x23af0000, 0x23af0000, 0x24480000)
  from space 1216K,  44% used [0x245b0000, 0x246371c0, 0x246e0000)
  to   space 1216K,   0% used [0x24480000, 0x24480000, 0x245b0000)
 tenured generation   total 24332K, used 22365K [0x29040000, 0x2a803000, 0x33af0000)
   the space 24332K,  91% used [0x29040000, 0x2a6176d0, 0x2a617800, 0x2a803000)
 compacting perm gen  total 12288K, used 3318K [0x33af0000, 0x346f0000, 0x37af0000)
   the space 12288K,  27% used [0x33af0000, 0x33e2d988, 0x33e2da00, 0x346f0000)
    ro space 10240K,  42% used [0x37af0000, 0x37f31c28, 0x37f31e00, 0x384f0000)
    rw space 12288K,  54% used [0x384f0000, 0x38b72938, 0x38b72a00, 0x390f0000)
}
Event: 121.948 GC heap before
{Heap before GC invocations=60 (full 2):
 def new generation   total 11008K, used 10332K [0x23af0000, 0x246e0000, 0x29040000)
  eden space 9792K, 100% used [0x23af0000, 0x24480000, 0x24480000)
  from space 1216K,  44% used [0x245b0000, 0x246371c0, 0x246e0000)
  to   space 1216K,   0% used [0x24480000, 0x24480000, 0x245b0000)
 tenured generation   total 24332K, used 22365K [0x29040000, 0x2a803000, 0x33af0000)
   the space 24332K,  91% used [0x29040000, 0x2a6176d0, 0x2a617800, 0x2a803000)
 compacting perm gen  total 12288K, used 3318K [0x33af0000, 0x346f0000, 0x37af0000)
   the space 12288K,  27% used [0x33af0000, 0x33e2d998, 0x33e2da00, 0x346f0000)
    ro space 10240K,  42% used [0x37af0000, 0x37f31c28, 0x37f31e00, 0x384f0000)
    rw space 12288K,  54% used [0x384f0000, 0x38b72938, 0x38b72a00, 0x390f0000)
Event: 121.951 GC heap after
Heap after GC invocations=61 (full 2):
 def new generation   total 11008K, used 670K [0x23af0000, 0x246e0000, 0x29040000)
  eden space 9792K,   0% used [0x23af0000, 0x23af0000, 0x24480000)
  from space 1216K,  55% used [0x24480000, 0x24527938, 0x245b0000)
  to   space 1216K,   0% used [0x245b0000, 0x245b0000, 0x246e0000)
 tenured generation   total 24332K, used 22365K [0x29040000, 0x2a803000, 0x33af0000)
   the space 24332K,  91% used [0x29040000, 0x2a6176d0, 0x2a617800, 0x2a803000)
 compacting perm gen  total 12288K, used 3318K [0x33af0000, 0x346f0000, 0x37af0000)
   the space 12288K,  27% used [0x33af0000, 0x33e2d998, 0x33e2da00, 0x346f0000)
    ro space 10240K,  42% used [0x37af0000, 0x37f31c28, 0x37f31e00, 0x384f0000)
    rw space 12288K,  54% used [0x384f0000, 0x38b72938, 0x38b72a00, 0x390f0000)
}

